TN:Items: Burn-Wrapper Case
SF:/Users/deployer/Desktop/StacksDegens/smart-contracts/sfts-advanced/contracts/collection-1.clar
FN:58,get-balance-uint
FN:18,is-owned-needed
FN:21,tag-nft-token-id
FN:54,set-balance
FN:67,get-total-supply
FN:30,mint
FN:42,mint-user
FN:61,get-balance
FN:64,get-overall-balance
FN:70,get-overall-supply
FN:73,get-decimals
FN:78,transfer
FN:103,transfer-many-iter
FN:90,transfer-many
FN:93,transfer-memo
FN:106,transfer-many-memo-iter
FN:99,transfer-many-memo
FN:111,burn
FN:121,burn-wrapper
FN:128,set-token-uri
FN:134,get-token-uri
FN:151,set-token-name
FN:157,get-token-name
FNF:23
FNH:0
end_of_record
TN:Items: Burn-Wrapper Case
SF:/Users/deployer/Desktop/StacksDegens/smart-contracts/sfts-advanced/contracts/items.clar
FN:57,get-balance-uint
FN:19,is-owned-needed
FN:22,tag-nft-token-id
FN:54,set-balance
FN:66,get-total-supply
FN:31,mint
FN:42,mint-user
FN:60,get-balance
FN:63,get-overall-balance
FN:69,get-overall-supply
FN:72,get-decimals
FN:77,transfer
FN:104,transfer-many-iter
FN:89,transfer-many
FN:92,transfer-memo
FN:107,transfer-many-memo-iter
FN:98,transfer-many-memo
FN:101,transfer-wrapper
FN:112,burn
FN:122,burn-wrapper
FN:129,set-token-uri
FN:135,get-token-uri
FN:189,set-token-name
FN:195,get-token-name
FNDA:2,burn
FNDA:2,burn-wrapper
FNDA:4,get-balance-uint
FNDA:2,get-total-supply
FNDA:2,mint
FNDA:3,set-balance
FNDA:3,tag-nft-token-id
FNF:24
FNH:7
DA:0,13
DA:21,0
DA:24,3
DA:25,3
DA:26,9
DA:27,5
DA:28,12
DA:33,2
DA:34,8
DA:35,8
DA:36,8
DA:37,8
DA:38,16
DA:39,14
DA:40,10
DA:41,4
DA:44,0
DA:45,0
DA:46,0
DA:47,0
DA:48,0
DA:49,0
DA:50,0
DA:51,0
DA:56,12
DA:59,20
DA:62,0
DA:65,0
DA:68,10
DA:71,0
DA:74,0
DA:79,0
DA:80,0
DA:81,0
DA:82,0
DA:83,0
DA:84,0
DA:85,0
DA:86,0
DA:87,0
DA:88,0
DA:91,0
DA:94,0
DA:95,0
DA:96,0
DA:97,0
DA:100,0
DA:103,0
DA:106,0
DA:109,0
DA:114,8
DA:115,10
DA:116,9
DA:117,4
DA:118,4
DA:119,6
DA:120,5
DA:121,2
DA:124,12
DA:131,0
DA:132,0
DA:133,0
DA:134,0
DA:137,0
DA:138,0
DA:140,0
DA:141,0
DA:142,0
DA:143,0
DA:144,0
DA:145,0
DA:146,0
DA:147,0
DA:148,0
DA:149,0
DA:150,0
DA:151,0
DA:152,0
DA:153,0
DA:154,0
DA:155,0
DA:156,0
DA:157,0
DA:158,0
DA:159,0
DA:160,0
DA:161,0
DA:162,0
DA:163,0
DA:164,0
DA:165,0
DA:166,0
DA:167,0
DA:168,0
DA:169,0
DA:170,0
DA:171,0
DA:172,0
DA:173,0
DA:174,0
DA:175,0
DA:176,0
DA:177,0
DA:178,0
DA:179,0
DA:180,0
DA:181,0
DA:182,0
DA:183,0
DA:184,0
DA:191,0
DA:192,0
DA:193,0
DA:194,0
DA:197,0
DA:198,0
DA:200,0
DA:201,0
DA:202,0
DA:203,0
DA:204,0
DA:205,0
DA:206,0
DA:207,0
DA:208,0
DA:209,0
DA:211,0
DA:212,0
DA:213,0
DA:214,0
DA:215,0
DA:216,0
DA:217,0
DA:218,0
DA:219,0
DA:221,0
DA:222,0
DA:223,0
DA:224,0
DA:225,0
DA:226,0
DA:227,0
DA:228,0
DA:229,0
DA:231,0
DA:232,0
DA:233,0
DA:234,0
DA:235,0
DA:236,0
DA:237,0
DA:238,0
DA:239,0
DA:241,0
DA:242,0
DA:243,0
DA:244,0
DA:245,0
DA:246,0
DA:247,0
DA:248,0
DA:249,0
end_of_record
TN:Items: Burn-Wrapper Case
SF:/Users/deployer/Desktop/StacksDegens/smart-contracts/sfts-advanced/contracts/main-sc.clar
FN:15,transfer-wrapper
FN:26,get-balance-wrapper
FN:38,mint-wrapper
FN:48,mint-wrapper-user
FN:58,mint-wrapper-admin
FN:70,mint-rewards
FN:76,burn-wrapper
FN:87,is-owned-needed-wrapper
FN:113,get-level-up-resources
FN:103,level-up
FN:117,set-level-up-resources
FN:168,get-crafting-resources
FN:158,craft-item
FN:172,set-crafting-resources
FN:215,get-acquisition-resources
FN:205,buy-item
FN:219,set-acquisition-resources
FN:269,get-fight-needed-resources
FN:259,start-fight
FN:273,set-fight-needed-resources
FN:301,get-fight-rewards
FN:293,reward-fighting
FN:305,set-fight-rewards
FN:334,get-sleeping-rewards
FN:326,reward-sleeping
FN:338,set-sleeping-rewards
FN:360,get-mining-rewards
FN:352,reward-mining
FN:364,set-mining-rewards
FN:395,get-harvesting-rewards
FN:392,mint-harvesting-rewards
FN:384,reward-harvesting
FN:399,set-harvesting-rewards
FNF:33
FNH:0
end_of_record
TN:Items: Burn-Wrapper Case
SF:/Users/deployer/Desktop/StacksDegens/smart-contracts/sfts-advanced/contracts/resources.clar
FN:56,get-balance-uint
FN:18,is-owned-needed
FN:21,tag-nft-token-id
FN:53,set-balance
FN:65,get-total-supply
FN:30,mint
FN:41,mint-user
FN:59,get-balance
FN:62,get-overall-balance
FN:68,get-overall-supply
FN:71,get-decimals
FN:76,transfer
FN:102,transfer-many-iter
FN:89,transfer-many
FN:92,transfer-memo
FN:105,transfer-many-memo-iter
FN:98,transfer-many-memo
FN:110,burn
FN:120,burn-wrapper
FN:127,set-token-uri
FN:133,get-token-uri
FN:146,set-token-name
FN:152,get-token-name
FNF:23
FNH:0
end_of_record
TN:Items: Burn-Wrapper Case
SF:/Users/deployer/Desktop/StacksDegens/smart-contracts/sfts-advanced/contracts/sip013-semi-fungible-token-trait.clar
FNF:0
FNH:0
end_of_record
TN:Items: Burn-Wrapper Case
SF:/Users/deployer/Desktop/StacksDegens/smart-contracts/sfts-advanced/contracts/sip013-transfer-many-trait.clar
FNF:0
FNH:0
end_of_record
TN:Items: Mint-Transfer-Burn-Balance Case
SF:/Users/deployer/Desktop/StacksDegens/smart-contracts/sfts-advanced/contracts/collection-1.clar
FN:58,get-balance-uint
FN:18,is-owned-needed
FN:21,tag-nft-token-id
FN:54,set-balance
FN:67,get-total-supply
FN:30,mint
FN:42,mint-user
FN:61,get-balance
FN:64,get-overall-balance
FN:70,get-overall-supply
FN:73,get-decimals
FN:78,transfer
FN:103,transfer-many-iter
FN:90,transfer-many
FN:93,transfer-memo
FN:106,transfer-many-memo-iter
FN:99,transfer-many-memo
FN:111,burn
FN:121,burn-wrapper
FN:128,set-token-uri
FN:134,get-token-uri
FN:151,set-token-name
FN:157,get-token-name
FNF:23
FNH:0
end_of_record
TN:Items: Mint-Transfer-Burn-Balance Case
SF:/Users/deployer/Desktop/StacksDegens/smart-contracts/sfts-advanced/contracts/items.clar
FN:57,get-balance-uint
FN:19,is-owned-needed
FN:22,tag-nft-token-id
FN:54,set-balance
FN:66,get-total-supply
FN:31,mint
FN:42,mint-user
FN:60,get-balance
FN:63,get-overall-balance
FN:69,get-overall-supply
FN:72,get-decimals
FN:77,transfer
FN:104,transfer-many-iter
FN:89,transfer-many
FN:92,transfer-memo
FN:107,transfer-many-memo-iter
FN:98,transfer-many-memo
FN:101,transfer-wrapper
FN:112,burn
FN:122,burn-wrapper
FN:129,set-token-uri
FN:135,get-token-uri
FN:189,set-token-name
FN:195,get-token-name
FNDA:2,burn
FNDA:16,get-balance-uint
FNDA:9,get-total-supply
FNDA:9,mint
FNDA:16,set-balance
FNDA:16,tag-nft-token-id
FNDA:5,transfer
FNF:24
FNH:7
DA:0,79
DA:21,0
DA:24,21
DA:25,21
DA:26,63
DA:27,50
DA:28,84
DA:33,9
DA:34,36
DA:35,36
DA:36,36
DA:37,36
DA:38,72
DA:39,63
DA:40,45
DA:41,18
DA:44,0
DA:45,0
DA:46,0
DA:47,0
DA:48,0
DA:49,0
DA:50,0
DA:51,0
DA:56,84
DA:59,105
DA:62,0
DA:65,0
DA:68,45
DA:71,0
DA:74,0
DA:79,20
DA:80,25
DA:81,20
DA:82,25
DA:83,20
DA:84,20
DA:85,30
DA:86,40
DA:87,30
DA:88,10
DA:91,0
DA:94,0
DA:95,0
DA:96,0
DA:97,0
DA:100,0
DA:103,0
DA:106,0
DA:109,0
DA:114,8
DA:115,10
DA:116,8
DA:117,8
DA:118,8
DA:119,12
DA:120,10
DA:121,4
DA:124,0
DA:131,0
DA:132,0
DA:133,0
DA:134,0
DA:137,0
DA:138,0
DA:140,0
DA:141,0
DA:142,0
DA:143,0
DA:144,0
DA:145,0
DA:146,0
DA:147,0
DA:148,0
DA:149,0
DA:150,0
DA:151,0
DA:152,0
DA:153,0
DA:154,0
DA:155,0
DA:156,0
DA:157,0
DA:158,0
DA:159,0
DA:160,0
DA:161,0
DA:162,0
DA:163,0
DA:164,0
DA:165,0
DA:166,0
DA:167,0
DA:168,0
DA:169,0
DA:170,0
DA:171,0
DA:172,0
DA:173,0
DA:174,0
DA:175,0
DA:176,0
DA:177,0
DA:178,0
DA:179,0
DA:180,0
DA:181,0
DA:182,0
DA:183,0
DA:184,0
DA:191,0
DA:192,0
DA:193,0
DA:194,0
DA:197,0
DA:198,0
DA:200,0
DA:201,0
DA:202,0
DA:203,0
DA:204,0
DA:205,0
DA:206,0
DA:207,0
DA:208,0
DA:209,0
DA:211,0
DA:212,0
DA:213,0
DA:214,0
DA:215,0
DA:216,0
DA:217,0
DA:218,0
DA:219,0
DA:221,0
DA:222,0
DA:223,0
DA:224,0
DA:225,0
DA:226,0
DA:227,0
DA:228,0
DA:229,0
DA:231,0
DA:232,0
DA:233,0
DA:234,0
DA:235,0
DA:236,0
DA:237,0
DA:238,0
DA:239,0
DA:241,0
DA:242,0
DA:243,0
DA:244,0
DA:245,0
DA:246,0
DA:247,0
DA:248,0
DA:249,0
end_of_record
TN:Items: Mint-Transfer-Burn-Balance Case
SF:/Users/deployer/Desktop/StacksDegens/smart-contracts/sfts-advanced/contracts/main-sc.clar
FN:15,transfer-wrapper
FN:26,get-balance-wrapper
FN:38,mint-wrapper
FN:48,mint-wrapper-user
FN:58,mint-wrapper-admin
FN:70,mint-rewards
FN:76,burn-wrapper
FN:87,is-owned-needed-wrapper
FN:113,get-level-up-resources
FN:103,level-up
FN:117,set-level-up-resources
FN:168,get-crafting-resources
FN:158,craft-item
FN:172,set-crafting-resources
FN:215,get-acquisition-resources
FN:205,buy-item
FN:219,set-acquisition-resources
FN:269,get-fight-needed-resources
FN:259,start-fight
FN:273,set-fight-needed-resources
FN:301,get-fight-rewards
FN:293,reward-fighting
FN:305,set-fight-rewards
FN:334,get-sleeping-rewards
FN:326,reward-sleeping
FN:338,set-sleeping-rewards
FN:360,get-mining-rewards
FN:352,reward-mining
FN:364,set-mining-rewards
FN:395,get-harvesting-rewards
FN:392,mint-harvesting-rewards
FN:384,reward-harvesting
FN:399,set-harvesting-rewards
FNF:33
FNH:0
end_of_record
TN:Items: Mint-Transfer-Burn-Balance Case
SF:/Users/deployer/Desktop/StacksDegens/smart-contracts/sfts-advanced/contracts/resources.clar
FN:56,get-balance-uint
FN:18,is-owned-needed
FN:21,tag-nft-token-id
FN:53,set-balance
FN:65,get-total-supply
FN:30,mint
FN:41,mint-user
FN:59,get-balance
FN:62,get-overall-balance
FN:68,get-overall-supply
FN:71,get-decimals
FN:76,transfer
FN:102,transfer-many-iter
FN:89,transfer-many
FN:92,transfer-memo
FN:105,transfer-many-memo-iter
FN:98,transfer-many-memo
FN:110,burn
FN:120,burn-wrapper
FN:127,set-token-uri
FN:133,get-token-uri
FN:146,set-token-name
FN:152,get-token-name
FNF:23
FNH:0
end_of_record
TN:Items: Mint-Transfer-Burn-Balance Case
SF:/Users/deployer/Desktop/StacksDegens/smart-contracts/sfts-advanced/contracts/sip013-semi-fungible-token-trait.clar
FNF:0
FNH:0
end_of_record
TN:Items: Mint-Transfer-Burn-Balance Case
SF:/Users/deployer/Desktop/StacksDegens/smart-contracts/sfts-advanced/contracts/sip013-transfer-many-trait.clar
FNF:0
FNH:0
end_of_record
TN:Items: Ownership Test Case
SF:/Users/deployer/Desktop/StacksDegens/smart-contracts/sfts-advanced/contracts/collection-1.clar
FN:58,get-balance-uint
FN:18,is-owned-needed
FN:21,tag-nft-token-id
FN:54,set-balance
FN:67,get-total-supply
FN:30,mint
FN:42,mint-user
FN:61,get-balance
FN:64,get-overall-balance
FN:70,get-overall-supply
FN:73,get-decimals
FN:78,transfer
FN:103,transfer-many-iter
FN:90,transfer-many
FN:93,transfer-memo
FN:106,transfer-many-memo-iter
FN:99,transfer-many-memo
FN:111,burn
FN:121,burn-wrapper
FN:128,set-token-uri
FN:134,get-token-uri
FN:151,set-token-name
FN:157,get-token-name
FNF:23
FNH:0
end_of_record
TN:Items: Ownership Test Case
SF:/Users/deployer/Desktop/StacksDegens/smart-contracts/sfts-advanced/contracts/items.clar
FN:57,get-balance-uint
FN:19,is-owned-needed
FN:22,tag-nft-token-id
FN:54,set-balance
FN:66,get-total-supply
FN:31,mint
FN:42,mint-user
FN:60,get-balance
FN:63,get-overall-balance
FN:69,get-overall-supply
FN:72,get-decimals
FN:77,transfer
FN:104,transfer-many-iter
FN:89,transfer-many
FN:92,transfer-memo
FN:107,transfer-many-memo-iter
FN:98,transfer-many-memo
FN:101,transfer-wrapper
FN:112,burn
FN:122,burn-wrapper
FN:129,set-token-uri
FN:135,get-token-uri
FN:189,set-token-name
FN:195,get-token-name
FNDA:4,get-balance-uint
FNDA:2,get-total-supply
FNDA:2,is-owned-needed
FNDA:2,mint
FNDA:2,set-balance
FNDA:2,tag-nft-token-id
FNF:24
FNH:6
DA:0,10
DA:21,16
DA:24,2
DA:25,2
DA:26,6
DA:27,0
DA:28,8
DA:33,2
DA:34,8
DA:35,8
DA:36,8
DA:37,8
DA:38,16
DA:39,14
DA:40,10
DA:41,4
DA:44,0
DA:45,0
DA:46,0
DA:47,0
DA:48,0
DA:49,0
DA:50,0
DA:51,0
DA:56,8
DA:59,20
DA:62,0
DA:65,0
DA:68,10
DA:71,0
DA:74,0
DA:79,0
DA:80,0
DA:81,0
DA:82,0
DA:83,0
DA:84,0
DA:85,0
DA:86,0
DA:87,0
DA:88,0
DA:91,0
DA:94,0
DA:95,0
DA:96,0
DA:97,0
DA:100,0
DA:103,0
DA:106,0
DA:109,0
DA:114,0
DA:115,0
DA:116,0
DA:117,0
DA:118,0
DA:119,0
DA:120,0
DA:121,0
DA:124,0
DA:131,0
DA:132,0
DA:133,0
DA:134,0
DA:137,0
DA:138,0
DA:140,0
DA:141,0
DA:142,0
DA:143,0
DA:144,0
DA:145,0
DA:146,0
DA:147,0
DA:148,0
DA:149,0
DA:150,0
DA:151,0
DA:152,0
DA:153,0
DA:154,0
DA:155,0
DA:156,0
DA:157,0
DA:158,0
DA:159,0
DA:160,0
DA:161,0
DA:162,0
DA:163,0
DA:164,0
DA:165,0
DA:166,0
DA:167,0
DA:168,0
DA:169,0
DA:170,0
DA:171,0
DA:172,0
DA:173,0
DA:174,0
DA:175,0
DA:176,0
DA:177,0
DA:178,0
DA:179,0
DA:180,0
DA:181,0
DA:182,0
DA:183,0
DA:184,0
DA:191,0
DA:192,0
DA:193,0
DA:194,0
DA:197,0
DA:198,0
DA:200,0
DA:201,0
DA:202,0
DA:203,0
DA:204,0
DA:205,0
DA:206,0
DA:207,0
DA:208,0
DA:209,0
DA:211,0
DA:212,0
DA:213,0
DA:214,0
DA:215,0
DA:216,0
DA:217,0
DA:218,0
DA:219,0
DA:221,0
DA:222,0
DA:223,0
DA:224,0
DA:225,0
DA:226,0
DA:227,0
DA:228,0
DA:229,0
DA:231,0
DA:232,0
DA:233,0
DA:234,0
DA:235,0
DA:236,0
DA:237,0
DA:238,0
DA:239,0
DA:241,0
DA:242,0
DA:243,0
DA:244,0
DA:245,0
DA:246,0
DA:247,0
DA:248,0
DA:249,0
end_of_record
TN:Items: Ownership Test Case
SF:/Users/deployer/Desktop/StacksDegens/smart-contracts/sfts-advanced/contracts/main-sc.clar
FN:15,transfer-wrapper
FN:26,get-balance-wrapper
FN:38,mint-wrapper
FN:48,mint-wrapper-user
FN:58,mint-wrapper-admin
FN:70,mint-rewards
FN:76,burn-wrapper
FN:87,is-owned-needed-wrapper
FN:113,get-level-up-resources
FN:103,level-up
FN:117,set-level-up-resources
FN:168,get-crafting-resources
FN:158,craft-item
FN:172,set-crafting-resources
FN:215,get-acquisition-resources
FN:205,buy-item
FN:219,set-acquisition-resources
FN:269,get-fight-needed-resources
FN:259,start-fight
FN:273,set-fight-needed-resources
FN:301,get-fight-rewards
FN:293,reward-fighting
FN:305,set-fight-rewards
FN:334,get-sleeping-rewards
FN:326,reward-sleeping
FN:338,set-sleeping-rewards
FN:360,get-mining-rewards
FN:352,reward-mining
FN:364,set-mining-rewards
FN:395,get-harvesting-rewards
FN:392,mint-harvesting-rewards
FN:384,reward-harvesting
FN:399,set-harvesting-rewards
FNF:33
FNH:0
end_of_record
TN:Items: Ownership Test Case
SF:/Users/deployer/Desktop/StacksDegens/smart-contracts/sfts-advanced/contracts/resources.clar
FN:56,get-balance-uint
FN:18,is-owned-needed
FN:21,tag-nft-token-id
FN:53,set-balance
FN:65,get-total-supply
FN:30,mint
FN:41,mint-user
FN:59,get-balance
FN:62,get-overall-balance
FN:68,get-overall-supply
FN:71,get-decimals
FN:76,transfer
FN:102,transfer-many-iter
FN:89,transfer-many
FN:92,transfer-memo
FN:105,transfer-many-memo-iter
FN:98,transfer-many-memo
FN:110,burn
FN:120,burn-wrapper
FN:127,set-token-uri
FN:133,get-token-uri
FN:146,set-token-name
FN:152,get-token-name
FNF:23
FNH:0
end_of_record
TN:Items: Ownership Test Case
SF:/Users/deployer/Desktop/StacksDegens/smart-contracts/sfts-advanced/contracts/sip013-semi-fungible-token-trait.clar
FNF:0
FNH:0
end_of_record
TN:Items: Ownership Test Case
SF:/Users/deployer/Desktop/StacksDegens/smart-contracts/sfts-advanced/contracts/sip013-transfer-many-trait.clar
FNF:0
FNH:0
end_of_record
TN:Items: Set-Get Token Name Case
SF:/Users/deployer/Desktop/StacksDegens/smart-contracts/sfts-advanced/contracts/collection-1.clar
FN:58,get-balance-uint
FN:18,is-owned-needed
FN:21,tag-nft-token-id
FN:54,set-balance
FN:67,get-total-supply
FN:30,mint
FN:42,mint-user
FN:61,get-balance
FN:64,get-overall-balance
FN:70,get-overall-supply
FN:73,get-decimals
FN:78,transfer
FN:103,transfer-many-iter
FN:90,transfer-many
FN:93,transfer-memo
FN:106,transfer-many-memo-iter
FN:99,transfer-many-memo
FN:111,burn
FN:121,burn-wrapper
FN:128,set-token-uri
FN:134,get-token-uri
FN:151,set-token-name
FN:157,get-token-name
FNF:23
FNH:0
end_of_record
TN:Items: Set-Get Token Name Case
SF:/Users/deployer/Desktop/StacksDegens/smart-contracts/sfts-advanced/contracts/items.clar
FN:57,get-balance-uint
FN:19,is-owned-needed
FN:22,tag-nft-token-id
FN:54,set-balance
FN:66,get-total-supply
FN:31,mint
FN:42,mint-user
FN:60,get-balance
FN:63,get-overall-balance
FN:69,get-overall-supply
FN:72,get-decimals
FN:77,transfer
FN:104,transfer-many-iter
FN:89,transfer-many
FN:92,transfer-memo
FN:107,transfer-many-memo-iter
FN:98,transfer-many-memo
FN:101,transfer-wrapper
FN:112,burn
FN:122,burn-wrapper
FN:129,set-token-uri
FN:135,get-token-uri
FN:189,set-token-name
FN:195,get-token-name
FNDA:2,get-token-name
FNDA:1,set-token-name
FNF:24
FNH:2
DA:0,3
DA:21,0
DA:24,0
DA:25,0
DA:26,0
DA:27,0
DA:28,0
DA:33,0
DA:34,0
DA:35,0
DA:36,0
DA:37,0
DA:38,0
DA:39,0
DA:40,0
DA:41,0
DA:44,0
DA:45,0
DA:46,0
DA:47,0
DA:48,0
DA:49,0
DA:50,0
DA:51,0
DA:56,0
DA:59,0
DA:62,0
DA:65,0
DA:68,0
DA:71,0
DA:74,0
DA:79,0
DA:80,0
DA:81,0
DA:82,0
DA:83,0
DA:84,0
DA:85,0
DA:86,0
DA:87,0
DA:88,0
DA:91,0
DA:94,0
DA:95,0
DA:96,0
DA:97,0
DA:100,0
DA:103,0
DA:106,0
DA:109,0
DA:114,0
DA:115,0
DA:116,0
DA:117,0
DA:118,0
DA:119,0
DA:120,0
DA:121,0
DA:124,0
DA:131,0
DA:132,0
DA:133,0
DA:134,0
DA:137,0
DA:138,0
DA:140,0
DA:141,0
DA:142,0
DA:143,0
DA:144,0
DA:145,0
DA:146,0
DA:147,0
DA:148,0
DA:149,0
DA:150,0
DA:151,0
DA:152,0
DA:153,0
DA:154,0
DA:155,0
DA:156,0
DA:157,0
DA:158,0
DA:159,0
DA:160,0
DA:161,0
DA:162,0
DA:163,0
DA:164,0
DA:165,0
DA:166,0
DA:167,0
DA:168,0
DA:169,0
DA:170,0
DA:171,0
DA:172,0
DA:173,0
DA:174,0
DA:175,0
DA:176,0
DA:177,0
DA:178,0
DA:179,0
DA:180,0
DA:181,0
DA:182,0
DA:183,0
DA:184,0
DA:191,1
DA:192,4
DA:193,3
DA:194,2
DA:197,6
DA:198,4
DA:200,0
DA:201,0
DA:202,0
DA:203,0
DA:204,0
DA:205,0
DA:206,0
DA:207,0
DA:208,0
DA:209,0
DA:211,0
DA:212,0
DA:213,0
DA:214,0
DA:215,0
DA:216,0
DA:217,0
DA:218,0
DA:219,0
DA:221,0
DA:222,0
DA:223,0
DA:224,0
DA:225,0
DA:226,0
DA:227,0
DA:228,0
DA:229,0
DA:231,0
DA:232,0
DA:233,0
DA:234,0
DA:235,0
DA:236,0
DA:237,0
DA:238,0
DA:239,0
DA:241,0
DA:242,0
DA:243,0
DA:244,0
DA:245,0
DA:246,0
DA:247,0
DA:248,0
DA:249,0
end_of_record
TN:Items: Set-Get Token Name Case
SF:/Users/deployer/Desktop/StacksDegens/smart-contracts/sfts-advanced/contracts/main-sc.clar
FN:15,transfer-wrapper
FN:26,get-balance-wrapper
FN:38,mint-wrapper
FN:48,mint-wrapper-user
FN:58,mint-wrapper-admin
FN:70,mint-rewards
FN:76,burn-wrapper
FN:87,is-owned-needed-wrapper
FN:113,get-level-up-resources
FN:103,level-up
FN:117,set-level-up-resources
FN:168,get-crafting-resources
FN:158,craft-item
FN:172,set-crafting-resources
FN:215,get-acquisition-resources
FN:205,buy-item
FN:219,set-acquisition-resources
FN:269,get-fight-needed-resources
FN:259,start-fight
FN:273,set-fight-needed-resources
FN:301,get-fight-rewards
FN:293,reward-fighting
FN:305,set-fight-rewards
FN:334,get-sleeping-rewards
FN:326,reward-sleeping
FN:338,set-sleeping-rewards
FN:360,get-mining-rewards
FN:352,reward-mining
FN:364,set-mining-rewards
FN:395,get-harvesting-rewards
FN:392,mint-harvesting-rewards
FN:384,reward-harvesting
FN:399,set-harvesting-rewards
FNF:33
FNH:0
end_of_record
TN:Items: Set-Get Token Name Case
SF:/Users/deployer/Desktop/StacksDegens/smart-contracts/sfts-advanced/contracts/resources.clar
FN:56,get-balance-uint
FN:18,is-owned-needed
FN:21,tag-nft-token-id
FN:53,set-balance
FN:65,get-total-supply
FN:30,mint
FN:41,mint-user
FN:59,get-balance
FN:62,get-overall-balance
FN:68,get-overall-supply
FN:71,get-decimals
FN:76,transfer
FN:102,transfer-many-iter
FN:89,transfer-many
FN:92,transfer-memo
FN:105,transfer-many-memo-iter
FN:98,transfer-many-memo
FN:110,burn
FN:120,burn-wrapper
FN:127,set-token-uri
FN:133,get-token-uri
FN:146,set-token-name
FN:152,get-token-name
FNF:23
FNH:0
end_of_record
TN:Items: Set-Get Token Name Case
SF:/Users/deployer/Desktop/StacksDegens/smart-contracts/sfts-advanced/contracts/sip013-semi-fungible-token-trait.clar
FNF:0
FNH:0
end_of_record
TN:Items: Set-Get Token Name Case
SF:/Users/deployer/Desktop/StacksDegens/smart-contracts/sfts-advanced/contracts/sip013-transfer-many-trait.clar
FNF:0
FNH:0
end_of_record
TN:Items: Set-Get Token URI Case
SF:/Users/deployer/Desktop/StacksDegens/smart-contracts/sfts-advanced/contracts/collection-1.clar
FN:58,get-balance-uint
FN:18,is-owned-needed
FN:21,tag-nft-token-id
FN:54,set-balance
FN:67,get-total-supply
FN:30,mint
FN:42,mint-user
FN:61,get-balance
FN:64,get-overall-balance
FN:70,get-overall-supply
FN:73,get-decimals
FN:78,transfer
FN:103,transfer-many-iter
FN:90,transfer-many
FN:93,transfer-memo
FN:106,transfer-many-memo-iter
FN:99,transfer-many-memo
FN:111,burn
FN:121,burn-wrapper
FN:128,set-token-uri
FN:134,get-token-uri
FN:151,set-token-name
FN:157,get-token-name
FNF:23
FNH:0
end_of_record
TN:Items: Set-Get Token URI Case
SF:/Users/deployer/Desktop/StacksDegens/smart-contracts/sfts-advanced/contracts/items.clar
FN:57,get-balance-uint
FN:19,is-owned-needed
FN:22,tag-nft-token-id
FN:54,set-balance
FN:66,get-total-supply
FN:31,mint
FN:42,mint-user
FN:60,get-balance
FN:63,get-overall-balance
FN:69,get-overall-supply
FN:72,get-decimals
FN:77,transfer
FN:104,transfer-many-iter
FN:89,transfer-many
FN:92,transfer-memo
FN:107,transfer-many-memo-iter
FN:98,transfer-many-memo
FN:101,transfer-wrapper
FN:112,burn
FN:122,burn-wrapper
FN:129,set-token-uri
FN:135,get-token-uri
FN:189,set-token-name
FN:195,get-token-name
FNDA:2,get-token-uri
FNDA:1,set-token-uri
FNF:24
FNH:2
DA:0,4
DA:21,0
DA:24,0
DA:25,0
DA:26,0
DA:27,0
DA:28,0
DA:33,0
DA:34,0
DA:35,0
DA:36,0
DA:37,0
DA:38,0
DA:39,0
DA:40,0
DA:41,0
DA:44,0
DA:45,0
DA:46,0
DA:47,0
DA:48,0
DA:49,0
DA:50,0
DA:51,0
DA:56,0
DA:59,0
DA:62,0
DA:65,0
DA:68,0
DA:71,0
DA:74,0
DA:79,0
DA:80,0
DA:81,0
DA:82,0
DA:83,0
DA:84,0
DA:85,0
DA:86,0
DA:87,0
DA:88,0
DA:91,0
DA:94,0
DA:95,0
DA:96,0
DA:97,0
DA:100,0
DA:103,0
DA:106,0
DA:109,0
DA:114,0
DA:115,0
DA:116,0
DA:117,0
DA:118,0
DA:119,0
DA:120,0
DA:121,0
DA:124,0
DA:131,1
DA:132,4
DA:133,3
DA:134,2
DA:137,8
DA:138,4
DA:140,0
DA:141,0
DA:142,0
DA:143,0
DA:144,0
DA:145,0
DA:146,0
DA:147,0
DA:148,0
DA:149,0
DA:150,0
DA:151,0
DA:152,0
DA:153,0
DA:154,0
DA:155,0
DA:156,0
DA:157,0
DA:158,0
DA:159,0
DA:160,0
DA:161,0
DA:162,0
DA:163,0
DA:164,0
DA:165,0
DA:166,0
DA:167,0
DA:168,0
DA:169,0
DA:170,0
DA:171,0
DA:172,0
DA:173,0
DA:174,0
DA:175,0
DA:176,0
DA:177,0
DA:178,0
DA:179,0
DA:180,0
DA:181,0
DA:182,0
DA:183,0
DA:184,0
DA:191,0
DA:192,0
DA:193,0
DA:194,0
DA:197,0
DA:198,0
DA:200,0
DA:201,0
DA:202,0
DA:203,0
DA:204,0
DA:205,0
DA:206,0
DA:207,0
DA:208,0
DA:209,0
DA:211,0
DA:212,0
DA:213,0
DA:214,0
DA:215,0
DA:216,0
DA:217,0
DA:218,0
DA:219,0
DA:221,0
DA:222,0
DA:223,0
DA:224,0
DA:225,0
DA:226,0
DA:227,0
DA:228,0
DA:229,0
DA:231,0
DA:232,0
DA:233,0
DA:234,0
DA:235,0
DA:236,0
DA:237,0
DA:238,0
DA:239,0
DA:241,0
DA:242,0
DA:243,0
DA:244,0
DA:245,0
DA:246,0
DA:247,0
DA:248,0
DA:249,0
end_of_record
TN:Items: Set-Get Token URI Case
SF:/Users/deployer/Desktop/StacksDegens/smart-contracts/sfts-advanced/contracts/main-sc.clar
FN:15,transfer-wrapper
FN:26,get-balance-wrapper
FN:38,mint-wrapper
FN:48,mint-wrapper-user
FN:58,mint-wrapper-admin
FN:70,mint-rewards
FN:76,burn-wrapper
FN:87,is-owned-needed-wrapper
FN:113,get-level-up-resources
FN:103,level-up
FN:117,set-level-up-resources
FN:168,get-crafting-resources
FN:158,craft-item
FN:172,set-crafting-resources
FN:215,get-acquisition-resources
FN:205,buy-item
FN:219,set-acquisition-resources
FN:269,get-fight-needed-resources
FN:259,start-fight
FN:273,set-fight-needed-resources
FN:301,get-fight-rewards
FN:293,reward-fighting
FN:305,set-fight-rewards
FN:334,get-sleeping-rewards
FN:326,reward-sleeping
FN:338,set-sleeping-rewards
FN:360,get-mining-rewards
FN:352,reward-mining
FN:364,set-mining-rewards
FN:395,get-harvesting-rewards
FN:392,mint-harvesting-rewards
FN:384,reward-harvesting
FN:399,set-harvesting-rewards
FNF:33
FNH:0
end_of_record
TN:Items: Set-Get Token URI Case
SF:/Users/deployer/Desktop/StacksDegens/smart-contracts/sfts-advanced/contracts/resources.clar
FN:56,get-balance-uint
FN:18,is-owned-needed
FN:21,tag-nft-token-id
FN:53,set-balance
FN:65,get-total-supply
FN:30,mint
FN:41,mint-user
FN:59,get-balance
FN:62,get-overall-balance
FN:68,get-overall-supply
FN:71,get-decimals
FN:76,transfer
FN:102,transfer-many-iter
FN:89,transfer-many
FN:92,transfer-memo
FN:105,transfer-many-memo-iter
FN:98,transfer-many-memo
FN:110,burn
FN:120,burn-wrapper
FN:127,set-token-uri
FN:133,get-token-uri
FN:146,set-token-name
FN:152,get-token-name
FNF:23
FNH:0
end_of_record
TN:Items: Set-Get Token URI Case
SF:/Users/deployer/Desktop/StacksDegens/smart-contracts/sfts-advanced/contracts/sip013-semi-fungible-token-trait.clar
FNF:0
FNH:0
end_of_record
TN:Items: Set-Get Token URI Case
SF:/Users/deployer/Desktop/StacksDegens/smart-contracts/sfts-advanced/contracts/sip013-transfer-many-trait.clar
FNF:0
FNH:0
end_of_record
TN:Items: Transfer case
SF:/Users/deployer/Desktop/StacksDegens/smart-contracts/sfts-advanced/contracts/collection-1.clar
FN:58,get-balance-uint
FN:18,is-owned-needed
FN:21,tag-nft-token-id
FN:54,set-balance
FN:67,get-total-supply
FN:30,mint
FN:42,mint-user
FN:61,get-balance
FN:64,get-overall-balance
FN:70,get-overall-supply
FN:73,get-decimals
FN:78,transfer
FN:103,transfer-many-iter
FN:90,transfer-many
FN:93,transfer-memo
FN:106,transfer-many-memo-iter
FN:99,transfer-many-memo
FN:111,burn
FN:121,burn-wrapper
FN:128,set-token-uri
FN:134,get-token-uri
FN:151,set-token-name
FN:157,get-token-name
FNF:23
FNH:0
end_of_record
TN:Items: Transfer case
SF:/Users/deployer/Desktop/StacksDegens/smart-contracts/sfts-advanced/contracts/items.clar
FN:57,get-balance-uint
FN:19,is-owned-needed
FN:22,tag-nft-token-id
FN:54,set-balance
FN:66,get-total-supply
FN:31,mint
FN:42,mint-user
FN:60,get-balance
FN:63,get-overall-balance
FN:69,get-overall-supply
FN:72,get-decimals
FN:77,transfer
FN:104,transfer-many-iter
FN:89,transfer-many
FN:92,transfer-memo
FN:107,transfer-many-memo-iter
FN:98,transfer-many-memo
FN:101,transfer-wrapper
FN:112,burn
FN:122,burn-wrapper
FN:129,set-token-uri
FN:135,get-token-uri
FN:189,set-token-name
FN:195,get-token-name
FNDA:5,get-balance-uint
FNDA:1,get-total-supply
FNDA:1,mint
FNDA:2,set-balance
FNDA:2,tag-nft-token-id
FNDA:4,transfer
FNDA:1,transfer-many
FNDA:1,transfer-many-iter
FNDA:1,transfer-many-memo
FNDA:1,transfer-many-memo-iter
FNDA:2,transfer-memo
FNDA:1,transfer-wrapper
FNF:24
FNH:12
DA:0,18
DA:21,0
DA:24,3
DA:25,3
DA:26,9
DA:27,5
DA:28,12
DA:33,1
DA:34,4
DA:35,4
DA:36,4
DA:37,4
DA:38,8
DA:39,7
DA:40,5
DA:41,2
DA:44,0
DA:45,0
DA:46,0
DA:47,0
DA:48,0
DA:49,0
DA:50,0
DA:51,0
DA:56,12
DA:59,30
DA:62,0
DA:65,0
DA:68,5
DA:71,0
DA:74,0
DA:79,16
DA:80,20
DA:81,19
DA:82,5
DA:83,4
DA:84,4
DA:85,6
DA:86,8
DA:87,6
DA:88,2
DA:91,4
DA:94,2
DA:95,12
DA:96,2
DA:97,2
DA:100,4
DA:103,7
DA:106,11
DA:109,13
DA:114,0
DA:115,0
DA:116,0
DA:117,0
DA:118,0
DA:119,0
DA:120,0
DA:121,0
DA:124,0
DA:131,0
DA:132,0
DA:133,0
DA:134,0
DA:137,0
DA:138,0
DA:140,0
DA:141,0
DA:142,0
DA:143,0
DA:144,0
DA:145,0
DA:146,0
DA:147,0
DA:148,0
DA:149,0
DA:150,0
DA:151,0
DA:152,0
DA:153,0
DA:154,0
DA:155,0
DA:156,0
DA:157,0
DA:158,0
DA:159,0
DA:160,0
DA:161,0
DA:162,0
DA:163,0
DA:164,0
DA:165,0
DA:166,0
DA:167,0
DA:168,0
DA:169,0
DA:170,0
DA:171,0
DA:172,0
DA:173,0
DA:174,0
DA:175,0
DA:176,0
DA:177,0
DA:178,0
DA:179,0
DA:180,0
DA:181,0
DA:182,0
DA:183,0
DA:184,0
DA:191,0
DA:192,0
DA:193,0
DA:194,0
DA:197,0
DA:198,0
DA:200,0
DA:201,0
DA:202,0
DA:203,0
DA:204,0
DA:205,0
DA:206,0
DA:207,0
DA:208,0
DA:209,0
DA:211,0
DA:212,0
DA:213,0
DA:214,0
DA:215,0
DA:216,0
DA:217,0
DA:218,0
DA:219,0
DA:221,0
DA:222,0
DA:223,0
DA:224,0
DA:225,0
DA:226,0
DA:227,0
DA:228,0
DA:229,0
DA:231,0
DA:232,0
DA:233,0
DA:234,0
DA:235,0
DA:236,0
DA:237,0
DA:238,0
DA:239,0
DA:241,0
DA:242,0
DA:243,0
DA:244,0
DA:245,0
DA:246,0
DA:247,0
DA:248,0
DA:249,0
end_of_record
TN:Items: Transfer case
SF:/Users/deployer/Desktop/StacksDegens/smart-contracts/sfts-advanced/contracts/main-sc.clar
FN:15,transfer-wrapper
FN:26,get-balance-wrapper
FN:38,mint-wrapper
FN:48,mint-wrapper-user
FN:58,mint-wrapper-admin
FN:70,mint-rewards
FN:76,burn-wrapper
FN:87,is-owned-needed-wrapper
FN:113,get-level-up-resources
FN:103,level-up
FN:117,set-level-up-resources
FN:168,get-crafting-resources
FN:158,craft-item
FN:172,set-crafting-resources
FN:215,get-acquisition-resources
FN:205,buy-item
FN:219,set-acquisition-resources
FN:269,get-fight-needed-resources
FN:259,start-fight
FN:273,set-fight-needed-resources
FN:301,get-fight-rewards
FN:293,reward-fighting
FN:305,set-fight-rewards
FN:334,get-sleeping-rewards
FN:326,reward-sleeping
FN:338,set-sleeping-rewards
FN:360,get-mining-rewards
FN:352,reward-mining
FN:364,set-mining-rewards
FN:395,get-harvesting-rewards
FN:392,mint-harvesting-rewards
FN:384,reward-harvesting
FN:399,set-harvesting-rewards
FNF:33
FNH:0
end_of_record
TN:Items: Transfer case
SF:/Users/deployer/Desktop/StacksDegens/smart-contracts/sfts-advanced/contracts/resources.clar
FN:56,get-balance-uint
FN:18,is-owned-needed
FN:21,tag-nft-token-id
FN:53,set-balance
FN:65,get-total-supply
FN:30,mint
FN:41,mint-user
FN:59,get-balance
FN:62,get-overall-balance
FN:68,get-overall-supply
FN:71,get-decimals
FN:76,transfer
FN:102,transfer-many-iter
FN:89,transfer-many
FN:92,transfer-memo
FN:105,transfer-many-memo-iter
FN:98,transfer-many-memo
FN:110,burn
FN:120,burn-wrapper
FN:127,set-token-uri
FN:133,get-token-uri
FN:146,set-token-name
FN:152,get-token-name
FNF:23
FNH:0
end_of_record
TN:Items: Transfer case
SF:/Users/deployer/Desktop/StacksDegens/smart-contracts/sfts-advanced/contracts/sip013-semi-fungible-token-trait.clar
FNF:0
FNH:0
end_of_record
TN:Items: Transfer case
SF:/Users/deployer/Desktop/StacksDegens/smart-contracts/sfts-advanced/contracts/sip013-transfer-many-trait.clar
FNF:0
FNH:0
end_of_record
TN:Main-SC: Acquisition Case
SF:/Users/deployer/Desktop/StacksDegens/smart-contracts/sfts-advanced/contracts/collection-1.clar
FN:58,get-balance-uint
FN:18,is-owned-needed
FN:21,tag-nft-token-id
FN:54,set-balance
FN:67,get-total-supply
FN:30,mint
FN:42,mint-user
FN:61,get-balance
FN:64,get-overall-balance
FN:70,get-overall-supply
FN:73,get-decimals
FN:78,transfer
FN:103,transfer-many-iter
FN:90,transfer-many
FN:93,transfer-memo
FN:106,transfer-many-memo-iter
FN:99,transfer-many-memo
FN:111,burn
FN:121,burn-wrapper
FN:128,set-token-uri
FN:134,get-token-uri
FN:151,set-token-name
FN:157,get-token-name
FNF:23
FNH:0
end_of_record
TN:Main-SC: Acquisition Case
SF:/Users/deployer/Desktop/StacksDegens/smart-contracts/sfts-advanced/contracts/items.clar
FN:57,get-balance-uint
FN:19,is-owned-needed
FN:22,tag-nft-token-id
FN:54,set-balance
FN:66,get-total-supply
FN:31,mint
FN:42,mint-user
FN:60,get-balance
FN:63,get-overall-balance
FN:69,get-overall-supply
FN:72,get-decimals
FN:77,transfer
FN:104,transfer-many-iter
FN:89,transfer-many
FN:92,transfer-memo
FN:107,transfer-many-memo-iter
FN:98,transfer-many-memo
FN:101,transfer-wrapper
FN:112,burn
FN:122,burn-wrapper
FN:129,set-token-uri
FN:135,get-token-uri
FN:189,set-token-name
FN:195,get-token-name
FNDA:17,get-balance-uint
FNDA:17,get-total-supply
FNDA:17,mint-user
FNDA:17,set-balance
FNDA:17,tag-nft-token-id
FNF:24
FNH:5
DA:0,68
DA:21,0
DA:24,17
DA:25,17
DA:26,51
DA:27,0
DA:28,68
DA:33,0
DA:34,0
DA:35,0
DA:36,0
DA:37,0
DA:38,0
DA:39,0
DA:40,0
DA:41,0
DA:44,17
DA:45,68
DA:46,68
DA:47,68
DA:48,136
DA:49,119
DA:50,85
DA:51,34
DA:56,68
DA:59,85
DA:62,0
DA:65,0
DA:68,85
DA:71,0
DA:74,0
DA:79,0
DA:80,0
DA:81,0
DA:82,0
DA:83,0
DA:84,0
DA:85,0
DA:86,0
DA:87,0
DA:88,0
DA:91,0
DA:94,0
DA:95,0
DA:96,0
DA:97,0
DA:100,0
DA:103,0
DA:106,0
DA:109,0
DA:114,0
DA:115,0
DA:116,0
DA:117,0
DA:118,0
DA:119,0
DA:120,0
DA:121,0
DA:124,0
DA:131,0
DA:132,0
DA:133,0
DA:134,0
DA:137,0
DA:138,0
DA:140,0
DA:141,0
DA:142,0
DA:143,0
DA:144,0
DA:145,0
DA:146,0
DA:147,0
DA:148,0
DA:149,0
DA:150,0
DA:151,0
DA:152,0
DA:153,0
DA:154,0
DA:155,0
DA:156,0
DA:157,0
DA:158,0
DA:159,0
DA:160,0
DA:161,0
DA:162,0
DA:163,0
DA:164,0
DA:165,0
DA:166,0
DA:167,0
DA:168,0
DA:169,0
DA:170,0
DA:171,0
DA:172,0
DA:173,0
DA:174,0
DA:175,0
DA:176,0
DA:177,0
DA:178,0
DA:179,0
DA:180,0
DA:181,0
DA:182,0
DA:183,0
DA:184,0
DA:191,0
DA:192,0
DA:193,0
DA:194,0
DA:197,0
DA:198,0
DA:200,0
DA:201,0
DA:202,0
DA:203,0
DA:204,0
DA:205,0
DA:206,0
DA:207,0
DA:208,0
DA:209,0
DA:211,0
DA:212,0
DA:213,0
DA:214,0
DA:215,0
DA:216,0
DA:217,0
DA:218,0
DA:219,0
DA:221,0
DA:222,0
DA:223,0
DA:224,0
DA:225,0
DA:226,0
DA:227,0
DA:228,0
DA:229,0
DA:231,0
DA:232,0
DA:233,0
DA:234,0
DA:235,0
DA:236,0
DA:237,0
DA:238,0
DA:239,0
DA:241,0
DA:242,0
DA:243,0
DA:244,0
DA:245,0
DA:246,0
DA:247,0
DA:248,0
DA:249,0
end_of_record
TN:Main-SC: Acquisition Case
SF:/Users/deployer/Desktop/StacksDegens/smart-contracts/sfts-advanced/contracts/main-sc.clar
FN:15,transfer-wrapper
FN:26,get-balance-wrapper
FN:38,mint-wrapper
FN:48,mint-wrapper-user
FN:58,mint-wrapper-admin
FN:70,mint-rewards
FN:76,burn-wrapper
FN:87,is-owned-needed-wrapper
FN:113,get-level-up-resources
FN:103,level-up
FN:117,set-level-up-resources
FN:168,get-crafting-resources
FN:158,craft-item
FN:172,set-crafting-resources
FN:215,get-acquisition-resources
FN:205,buy-item
FN:219,set-acquisition-resources
FN:269,get-fight-needed-resources
FN:259,start-fight
FN:273,set-fight-needed-resources
FN:301,get-fight-rewards
FN:293,reward-fighting
FN:305,set-fight-rewards
FN:334,get-sleeping-rewards
FN:326,reward-sleeping
FN:338,set-sleeping-rewards
FN:360,get-mining-rewards
FN:352,reward-mining
FN:364,set-mining-rewards
FN:395,get-harvesting-rewards
FN:392,mint-harvesting-rewards
FN:384,reward-harvesting
FN:399,set-harvesting-rewards
FNDA:17,burn-wrapper
FNDA:17,buy-item
FNDA:17,get-acquisition-resources
FNDA:17,is-owned-needed-wrapper
FNDA:36,mint-wrapper
FNDA:17,mint-wrapper-user
FNF:33
FNH:6
DA:0,178
DA:17,0
DA:18,0
DA:19,0
DA:20,0
DA:21,0
DA:22,0
DA:23,0
DA:29,0
DA:30,0
DA:31,0
DA:32,0
DA:33,0
DA:34,0
DA:35,0
DA:41,144
DA:42,144
DA:43,0
DA:44,0
DA:45,0
DA:46,0
DA:47,0
DA:51,68
DA:52,0
DA:53,68
DA:54,68
DA:55,0
DA:56,0
DA:57,0
DA:60,0
DA:61,0
DA:62,0
DA:63,0
DA:64,0
DA:65,0
DA:66,0
DA:67,0
DA:68,0
DA:69,0
DA:73,0
DA:78,180
DA:79,216
DA:80,0
DA:81,0
DA:82,0
DA:83,0
DA:84,0
DA:90,36
DA:91,180
DA:92,72
DA:93,0
DA:94,0
DA:95,0
DA:96,0
DA:97,0
DA:105,0
DA:106,0
DA:107,0
DA:108,0
DA:109,0
DA:110,0
DA:111,0
DA:112,0
DA:115,0
DA:116,0
DA:119,0
DA:120,0
DA:121,0
DA:123,0
DA:124,0
DA:125,0
DA:126,0
DA:127,0
DA:128,0
DA:129,0
DA:130,0
DA:131,0
DA:132,0
DA:133,0
DA:134,0
DA:135,0
DA:136,0
DA:137,0
DA:138,0
DA:139,0
DA:140,0
DA:141,0
DA:142,0
DA:143,0
DA:144,0
DA:145,0
DA:146,0
DA:147,0
DA:148,0
DA:149,0
DA:150,0
DA:151,0
DA:152,0
DA:153,0
DA:160,0
DA:161,0
DA:162,0
DA:163,0
DA:164,0
DA:165,0
DA:166,0
DA:167,0
DA:170,0
DA:171,0
DA:174,0
DA:175,0
DA:176,0
DA:178,0
DA:179,0
DA:180,0
DA:181,0
DA:182,0
DA:183,0
DA:184,0
DA:185,0
DA:186,0
DA:187,0
DA:188,0
DA:189,0
DA:190,0
DA:191,0
DA:192,0
DA:193,0
DA:195,0
DA:196,0
DA:197,0
DA:198,0
DA:199,0
DA:200,0
DA:207,17
DA:208,102
DA:209,68
DA:210,85
DA:211,51
DA:212,34
DA:213,68
DA:214,68
DA:217,102
DA:218,68
DA:221,0
DA:222,0
DA:223,0
DA:225,0
DA:226,0
DA:227,0
DA:228,0
DA:229,0
DA:230,0
DA:231,0
DA:232,0
DA:233,0
DA:234,0
DA:235,0
DA:236,0
DA:237,0
DA:238,0
DA:239,0
DA:240,0
DA:241,0
DA:242,0
DA:243,0
DA:244,0
DA:246,0
DA:247,0
DA:248,0
DA:249,0
DA:250,0
DA:251,0
DA:252,0
DA:253,0
DA:261,0
DA:262,0
DA:263,0
DA:264,0
DA:265,0
DA:266,0
DA:267,0
DA:268,0
DA:271,0
DA:272,0
DA:275,0
DA:276,0
DA:277,0
DA:279,0
DA:280,0
DA:281,0
DA:282,0
DA:283,0
DA:284,0
DA:285,0
DA:286,0
DA:287,0
DA:288,0
DA:295,0
DA:296,0
DA:297,0
DA:298,0
DA:299,0
DA:300,0
DA:303,0
DA:304,0
DA:307,0
DA:308,0
DA:309,0
DA:311,0
DA:312,0
DA:313,0
DA:314,0
DA:315,0
DA:316,0
DA:317,0
DA:318,0
DA:319,0
DA:320,0
DA:328,0
DA:329,0
DA:330,0
DA:331,0
DA:332,0
DA:333,0
DA:336,0
DA:337,0
DA:340,0
DA:341,0
DA:342,0
DA:344,0
DA:345,0
DA:346,0
DA:354,0
DA:355,0
DA:356,0
DA:357,0
DA:358,0
DA:359,0
DA:362,0
DA:363,0
DA:366,0
DA:367,0
DA:368,0
DA:370,0
DA:371,0
DA:372,0
DA:373,0
DA:374,0
DA:375,0
DA:376,0
DA:377,0
DA:378,0
DA:379,0
DA:386,0
DA:387,0
DA:388,0
DA:389,0
DA:390,0
DA:391,0
DA:394,0
DA:397,0
DA:398,0
DA:401,0
DA:402,0
DA:403,0
DA:405,0
DA:406,0
DA:407,0
DA:408,0
DA:409,0
DA:410,0
DA:411,0
DA:412,0
DA:413,0
end_of_record
TN:Main-SC: Acquisition Case
SF:/Users/deployer/Desktop/StacksDegens/smart-contracts/sfts-advanced/contracts/resources.clar
FN:56,get-balance-uint
FN:18,is-owned-needed
FN:21,tag-nft-token-id
FN:53,set-balance
FN:65,get-total-supply
FN:30,mint
FN:41,mint-user
FN:59,get-balance
FN:62,get-overall-balance
FN:68,get-overall-supply
FN:71,get-decimals
FN:76,transfer
FN:102,transfer-many-iter
FN:89,transfer-many
FN:92,transfer-memo
FN:105,transfer-many-memo-iter
FN:98,transfer-many-memo
FN:110,burn
FN:120,burn-wrapper
FN:127,set-token-uri
FN:133,get-token-uri
FN:146,set-token-name
FN:152,get-token-name
FNDA:17,burn
FNDA:53,get-balance-uint
FNDA:36,get-total-supply
FNDA:17,is-owned-needed
FNDA:36,mint
FNDA:53,set-balance
FNDA:53,tag-nft-token-id
FNF:23
FNH:7
DA:0,324
DA:20,288
DA:23,72
DA:24,72
DA:25,216
DA:26,345
DA:27,288
DA:32,36
DA:33,144
DA:34,144
DA:35,144
DA:36,144
DA:37,288
DA:38,252
DA:39,180
DA:40,72
DA:43,0
DA:44,0
DA:45,0
DA:46,0
DA:47,0
DA:48,0
DA:49,0
DA:50,0
DA:55,288
DA:58,540
DA:61,0
DA:64,0
DA:67,180
DA:70,0
DA:73,0
DA:79,0
DA:80,0
DA:81,0
DA:82,0
DA:83,0
DA:84,0
DA:85,0
DA:86,0
DA:87,0
DA:88,0
DA:91,0
DA:94,0
DA:95,0
DA:96,0
DA:97,0
DA:101,0
DA:104,0
DA:107,0
DA:112,144
DA:113,180
DA:114,144
DA:115,144
DA:116,144
DA:117,216
DA:118,180
DA:119,72
DA:122,0
DA:129,0
DA:130,0
DA:131,0
DA:132,0
DA:135,0
DA:136,0
DA:138,0
DA:139,0
DA:140,0
DA:141,0
DA:148,0
DA:149,0
DA:150,0
DA:151,0
DA:154,0
DA:155,0
DA:157,0
DA:158,0
DA:159,0
DA:160,0
end_of_record
TN:Main-SC: Acquisition Case
SF:/Users/deployer/Desktop/StacksDegens/smart-contracts/sfts-advanced/contracts/sip013-semi-fungible-token-trait.clar
FNF:0
FNH:0
end_of_record
TN:Main-SC: Acquisition Case
SF:/Users/deployer/Desktop/StacksDegens/smart-contracts/sfts-advanced/contracts/sip013-transfer-many-trait.clar
FNF:0
FNH:0
end_of_record
TN:Main-SC: Acquisition with less resources Case
SF:/Users/deployer/Desktop/StacksDegens/smart-contracts/sfts-advanced/contracts/collection-1.clar
FN:58,get-balance-uint
FN:18,is-owned-needed
FN:21,tag-nft-token-id
FN:54,set-balance
FN:67,get-total-supply
FN:30,mint
FN:42,mint-user
FN:61,get-balance
FN:64,get-overall-balance
FN:70,get-overall-supply
FN:73,get-decimals
FN:78,transfer
FN:103,transfer-many-iter
FN:90,transfer-many
FN:93,transfer-memo
FN:106,transfer-many-memo-iter
FN:99,transfer-many-memo
FN:111,burn
FN:121,burn-wrapper
FN:128,set-token-uri
FN:134,get-token-uri
FN:151,set-token-name
FN:157,get-token-name
FNF:23
FNH:0
end_of_record
TN:Main-SC: Acquisition with less resources Case
SF:/Users/deployer/Desktop/StacksDegens/smart-contracts/sfts-advanced/contracts/items.clar
FN:57,get-balance-uint
FN:19,is-owned-needed
FN:22,tag-nft-token-id
FN:54,set-balance
FN:66,get-total-supply
FN:31,mint
FN:42,mint-user
FN:60,get-balance
FN:63,get-overall-balance
FN:69,get-overall-supply
FN:72,get-decimals
FN:77,transfer
FN:104,transfer-many-iter
FN:89,transfer-many
FN:92,transfer-memo
FN:107,transfer-many-memo-iter
FN:98,transfer-many-memo
FN:101,transfer-wrapper
FN:112,burn
FN:122,burn-wrapper
FN:129,set-token-uri
FN:135,get-token-uri
FN:189,set-token-name
FN:195,get-token-name
FNDA:12,get-balance-uint
FNDA:12,get-total-supply
FNDA:12,mint-user
FNDA:12,set-balance
FNDA:12,tag-nft-token-id
FNF:24
FNH:5
DA:0,48
DA:21,0
DA:24,12
DA:25,12
DA:26,36
DA:27,0
DA:28,48
DA:33,0
DA:34,0
DA:35,0
DA:36,0
DA:37,0
DA:38,0
DA:39,0
DA:40,0
DA:41,0
DA:44,12
DA:45,48
DA:46,48
DA:47,48
DA:48,96
DA:49,84
DA:50,60
DA:51,24
DA:56,48
DA:59,60
DA:62,0
DA:65,0
DA:68,60
DA:71,0
DA:74,0
DA:79,0
DA:80,0
DA:81,0
DA:82,0
DA:83,0
DA:84,0
DA:85,0
DA:86,0
DA:87,0
DA:88,0
DA:91,0
DA:94,0
DA:95,0
DA:96,0
DA:97,0
DA:100,0
DA:103,0
DA:106,0
DA:109,0
DA:114,0
DA:115,0
DA:116,0
DA:117,0
DA:118,0
DA:119,0
DA:120,0
DA:121,0
DA:124,0
DA:131,0
DA:132,0
DA:133,0
DA:134,0
DA:137,0
DA:138,0
DA:140,0
DA:141,0
DA:142,0
DA:143,0
DA:144,0
DA:145,0
DA:146,0
DA:147,0
DA:148,0
DA:149,0
DA:150,0
DA:151,0
DA:152,0
DA:153,0
DA:154,0
DA:155,0
DA:156,0
DA:157,0
DA:158,0
DA:159,0
DA:160,0
DA:161,0
DA:162,0
DA:163,0
DA:164,0
DA:165,0
DA:166,0
DA:167,0
DA:168,0
DA:169,0
DA:170,0
DA:171,0
DA:172,0
DA:173,0
DA:174,0
DA:175,0
DA:176,0
DA:177,0
DA:178,0
DA:179,0
DA:180,0
DA:181,0
DA:182,0
DA:183,0
DA:184,0
DA:191,0
DA:192,0
DA:193,0
DA:194,0
DA:197,0
DA:198,0
DA:200,0
DA:201,0
DA:202,0
DA:203,0
DA:204,0
DA:205,0
DA:206,0
DA:207,0
DA:208,0
DA:209,0
DA:211,0
DA:212,0
DA:213,0
DA:214,0
DA:215,0
DA:216,0
DA:217,0
DA:218,0
DA:219,0
DA:221,0
DA:222,0
DA:223,0
DA:224,0
DA:225,0
DA:226,0
DA:227,0
DA:228,0
DA:229,0
DA:231,0
DA:232,0
DA:233,0
DA:234,0
DA:235,0
DA:236,0
DA:237,0
DA:238,0
DA:239,0
DA:241,0
DA:242,0
DA:243,0
DA:244,0
DA:245,0
DA:246,0
DA:247,0
DA:248,0
DA:249,0
end_of_record
TN:Main-SC: Acquisition with less resources Case
SF:/Users/deployer/Desktop/StacksDegens/smart-contracts/sfts-advanced/contracts/main-sc.clar
FN:15,transfer-wrapper
FN:26,get-balance-wrapper
FN:38,mint-wrapper
FN:48,mint-wrapper-user
FN:58,mint-wrapper-admin
FN:70,mint-rewards
FN:76,burn-wrapper
FN:87,is-owned-needed-wrapper
FN:113,get-level-up-resources
FN:103,level-up
FN:117,set-level-up-resources
FN:168,get-crafting-resources
FN:158,craft-item
FN:172,set-crafting-resources
FN:215,get-acquisition-resources
FN:205,buy-item
FN:219,set-acquisition-resources
FN:269,get-fight-needed-resources
FN:259,start-fight
FN:273,set-fight-needed-resources
FN:301,get-fight-rewards
FN:293,reward-fighting
FN:305,set-fight-rewards
FN:334,get-sleeping-rewards
FN:326,reward-sleeping
FN:338,set-sleeping-rewards
FN:360,get-mining-rewards
FN:352,reward-mining
FN:364,set-mining-rewards
FN:395,get-harvesting-rewards
FN:392,mint-harvesting-rewards
FN:384,reward-harvesting
FN:399,set-harvesting-rewards
FNDA:12,burn-wrapper
FNDA:17,buy-item
FNDA:17,get-acquisition-resources
FNDA:17,is-owned-needed-wrapper
FNDA:31,mint-wrapper
FNDA:12,mint-wrapper-user
FNF:33
FNH:6
DA:0,160
DA:17,0
DA:18,0
DA:19,0
DA:20,0
DA:21,0
DA:22,0
DA:23,0
DA:29,0
DA:30,0
DA:31,0
DA:32,0
DA:33,0
DA:34,0
DA:35,0
DA:41,124
DA:42,124
DA:43,0
DA:44,0
DA:45,0
DA:46,0
DA:47,0
DA:51,48
DA:52,0
DA:53,48
DA:54,48
DA:55,0
DA:56,0
DA:57,0
DA:60,0
DA:61,0
DA:62,0
DA:63,0
DA:64,0
DA:65,0
DA:66,0
DA:67,0
DA:68,0
DA:69,0
DA:73,0
DA:78,125
DA:79,150
DA:80,0
DA:81,0
DA:82,0
DA:83,0
DA:84,0
DA:90,36
DA:91,180
DA:92,72
DA:93,0
DA:94,0
DA:95,0
DA:96,0
DA:97,0
DA:105,0
DA:106,0
DA:107,0
DA:108,0
DA:109,0
DA:110,0
DA:111,0
DA:112,0
DA:115,0
DA:116,0
DA:119,0
DA:120,0
DA:121,0
DA:123,0
DA:124,0
DA:125,0
DA:126,0
DA:127,0
DA:128,0
DA:129,0
DA:130,0
DA:131,0
DA:132,0
DA:133,0
DA:134,0
DA:135,0
DA:136,0
DA:137,0
DA:138,0
DA:139,0
DA:140,0
DA:141,0
DA:142,0
DA:143,0
DA:144,0
DA:145,0
DA:146,0
DA:147,0
DA:148,0
DA:149,0
DA:150,0
DA:151,0
DA:152,0
DA:153,0
DA:160,0
DA:161,0
DA:162,0
DA:163,0
DA:164,0
DA:165,0
DA:166,0
DA:167,0
DA:170,0
DA:171,0
DA:174,0
DA:175,0
DA:176,0
DA:178,0
DA:179,0
DA:180,0
DA:181,0
DA:182,0
DA:183,0
DA:184,0
DA:185,0
DA:186,0
DA:187,0
DA:188,0
DA:189,0
DA:190,0
DA:191,0
DA:192,0
DA:193,0
DA:195,0
DA:196,0
DA:197,0
DA:198,0
DA:199,0
DA:200,0
DA:207,17
DA:208,102
DA:209,68
DA:210,85
DA:211,51
DA:212,39
DA:213,48
DA:214,48
DA:217,102
DA:218,68
DA:221,0
DA:222,0
DA:223,0
DA:225,0
DA:226,0
DA:227,0
DA:228,0
DA:229,0
DA:230,0
DA:231,0
DA:232,0
DA:233,0
DA:234,0
DA:235,0
DA:236,0
DA:237,0
DA:238,0
DA:239,0
DA:240,0
DA:241,0
DA:242,0
DA:243,0
DA:244,0
DA:246,0
DA:247,0
DA:248,0
DA:249,0
DA:250,0
DA:251,0
DA:252,0
DA:253,0
DA:261,0
DA:262,0
DA:263,0
DA:264,0
DA:265,0
DA:266,0
DA:267,0
DA:268,0
DA:271,0
DA:272,0
DA:275,0
DA:276,0
DA:277,0
DA:279,0
DA:280,0
DA:281,0
DA:282,0
DA:283,0
DA:284,0
DA:285,0
DA:286,0
DA:287,0
DA:288,0
DA:295,0
DA:296,0
DA:297,0
DA:298,0
DA:299,0
DA:300,0
DA:303,0
DA:304,0
DA:307,0
DA:308,0
DA:309,0
DA:311,0
DA:312,0
DA:313,0
DA:314,0
DA:315,0
DA:316,0
DA:317,0
DA:318,0
DA:319,0
DA:320,0
DA:328,0
DA:329,0
DA:330,0
DA:331,0
DA:332,0
DA:333,0
DA:336,0
DA:337,0
DA:340,0
DA:341,0
DA:342,0
DA:344,0
DA:345,0
DA:346,0
DA:354,0
DA:355,0
DA:356,0
DA:357,0
DA:358,0
DA:359,0
DA:362,0
DA:363,0
DA:366,0
DA:367,0
DA:368,0
DA:370,0
DA:371,0
DA:372,0
DA:373,0
DA:374,0
DA:375,0
DA:376,0
DA:377,0
DA:378,0
DA:379,0
DA:386,0
DA:387,0
DA:388,0
DA:389,0
DA:390,0
DA:391,0
DA:394,0
DA:397,0
DA:398,0
DA:401,0
DA:402,0
DA:403,0
DA:405,0
DA:406,0
DA:407,0
DA:408,0
DA:409,0
DA:410,0
DA:411,0
DA:412,0
DA:413,0
end_of_record
TN:Main-SC: Acquisition with less resources Case
SF:/Users/deployer/Desktop/StacksDegens/smart-contracts/sfts-advanced/contracts/resources.clar
FN:56,get-balance-uint
FN:18,is-owned-needed
FN:21,tag-nft-token-id
FN:53,set-balance
FN:65,get-total-supply
FN:30,mint
FN:41,mint-user
FN:59,get-balance
FN:62,get-overall-balance
FN:68,get-overall-supply
FN:71,get-decimals
FN:76,transfer
FN:102,transfer-many-iter
FN:89,transfer-many
FN:92,transfer-memo
FN:105,transfer-many-memo-iter
FN:98,transfer-many-memo
FN:110,burn
FN:120,burn-wrapper
FN:127,set-token-uri
FN:133,get-token-uri
FN:146,set-token-name
FN:152,get-token-name
FNDA:12,burn
FNDA:48,get-balance-uint
FNDA:31,get-total-supply
FNDA:17,is-owned-needed
FNDA:31,mint
FNDA:43,set-balance
FNDA:43,tag-nft-token-id
FNF:23
FNH:7
DA:0,260
DA:20,288
DA:23,56
DA:24,56
DA:25,168
DA:26,265
DA:27,224
DA:32,31
DA:33,124
DA:34,124
DA:35,124
DA:36,124
DA:37,248
DA:38,217
DA:39,155
DA:40,62
DA:43,0
DA:44,0
DA:45,0
DA:46,0
DA:47,0
DA:48,0
DA:49,0
DA:50,0
DA:55,224
DA:58,460
DA:61,0
DA:64,0
DA:67,155
DA:70,0
DA:73,0
DA:79,0
DA:80,0
DA:81,0
DA:82,0
DA:83,0
DA:84,0
DA:85,0
DA:86,0
DA:87,0
DA:88,0
DA:91,0
DA:94,0
DA:95,0
DA:96,0
DA:97,0
DA:101,0
DA:104,0
DA:107,0
DA:112,100
DA:113,125
DA:114,100
DA:115,100
DA:116,100
DA:117,150
DA:118,125
DA:119,50
DA:122,0
DA:129,0
DA:130,0
DA:131,0
DA:132,0
DA:135,0
DA:136,0
DA:138,0
DA:139,0
DA:140,0
DA:141,0
DA:148,0
DA:149,0
DA:150,0
DA:151,0
DA:154,0
DA:155,0
DA:157,0
DA:158,0
DA:159,0
DA:160,0
end_of_record
TN:Main-SC: Acquisition with less resources Case
SF:/Users/deployer/Desktop/StacksDegens/smart-contracts/sfts-advanced/contracts/sip013-semi-fungible-token-trait.clar
FNF:0
FNH:0
end_of_record
TN:Main-SC: Acquisition with less resources Case
SF:/Users/deployer/Desktop/StacksDegens/smart-contracts/sfts-advanced/contracts/sip013-transfer-many-trait.clar
FNF:0
FNH:0
end_of_record
TN:Main-SC: Acquisition with more resources Case
SF:/Users/deployer/Desktop/StacksDegens/smart-contracts/sfts-advanced/contracts/collection-1.clar
FN:58,get-balance-uint
FN:18,is-owned-needed
FN:21,tag-nft-token-id
FN:54,set-balance
FN:67,get-total-supply
FN:30,mint
FN:42,mint-user
FN:61,get-balance
FN:64,get-overall-balance
FN:70,get-overall-supply
FN:73,get-decimals
FN:78,transfer
FN:103,transfer-many-iter
FN:90,transfer-many
FN:93,transfer-memo
FN:106,transfer-many-memo-iter
FN:99,transfer-many-memo
FN:111,burn
FN:121,burn-wrapper
FN:128,set-token-uri
FN:134,get-token-uri
FN:151,set-token-name
FN:157,get-token-name
FNF:23
FNH:0
end_of_record
TN:Main-SC: Acquisition with more resources Case
SF:/Users/deployer/Desktop/StacksDegens/smart-contracts/sfts-advanced/contracts/items.clar
FN:57,get-balance-uint
FN:19,is-owned-needed
FN:22,tag-nft-token-id
FN:54,set-balance
FN:66,get-total-supply
FN:31,mint
FN:42,mint-user
FN:60,get-balance
FN:63,get-overall-balance
FN:69,get-overall-supply
FN:72,get-decimals
FN:77,transfer
FN:104,transfer-many-iter
FN:89,transfer-many
FN:92,transfer-memo
FN:107,transfer-many-memo-iter
FN:98,transfer-many-memo
FN:101,transfer-wrapper
FN:112,burn
FN:122,burn-wrapper
FN:129,set-token-uri
FN:135,get-token-uri
FN:189,set-token-name
FN:195,get-token-name
FNDA:17,get-balance-uint
FNDA:17,get-total-supply
FNDA:17,mint-user
FNDA:17,set-balance
FNDA:17,tag-nft-token-id
FNF:24
FNH:5
DA:0,68
DA:21,0
DA:24,17
DA:25,17
DA:26,51
DA:27,0
DA:28,68
DA:33,0
DA:34,0
DA:35,0
DA:36,0
DA:37,0
DA:38,0
DA:39,0
DA:40,0
DA:41,0
DA:44,17
DA:45,68
DA:46,68
DA:47,68
DA:48,136
DA:49,119
DA:50,85
DA:51,34
DA:56,68
DA:59,85
DA:62,0
DA:65,0
DA:68,85
DA:71,0
DA:74,0
DA:79,0
DA:80,0
DA:81,0
DA:82,0
DA:83,0
DA:84,0
DA:85,0
DA:86,0
DA:87,0
DA:88,0
DA:91,0
DA:94,0
DA:95,0
DA:96,0
DA:97,0
DA:100,0
DA:103,0
DA:106,0
DA:109,0
DA:114,0
DA:115,0
DA:116,0
DA:117,0
DA:118,0
DA:119,0
DA:120,0
DA:121,0
DA:124,0
DA:131,0
DA:132,0
DA:133,0
DA:134,0
DA:137,0
DA:138,0
DA:140,0
DA:141,0
DA:142,0
DA:143,0
DA:144,0
DA:145,0
DA:146,0
DA:147,0
DA:148,0
DA:149,0
DA:150,0
DA:151,0
DA:152,0
DA:153,0
DA:154,0
DA:155,0
DA:156,0
DA:157,0
DA:158,0
DA:159,0
DA:160,0
DA:161,0
DA:162,0
DA:163,0
DA:164,0
DA:165,0
DA:166,0
DA:167,0
DA:168,0
DA:169,0
DA:170,0
DA:171,0
DA:172,0
DA:173,0
DA:174,0
DA:175,0
DA:176,0
DA:177,0
DA:178,0
DA:179,0
DA:180,0
DA:181,0
DA:182,0
DA:183,0
DA:184,0
DA:191,0
DA:192,0
DA:193,0
DA:194,0
DA:197,0
DA:198,0
DA:200,0
DA:201,0
DA:202,0
DA:203,0
DA:204,0
DA:205,0
DA:206,0
DA:207,0
DA:208,0
DA:209,0
DA:211,0
DA:212,0
DA:213,0
DA:214,0
DA:215,0
DA:216,0
DA:217,0
DA:218,0
DA:219,0
DA:221,0
DA:222,0
DA:223,0
DA:224,0
DA:225,0
DA:226,0
DA:227,0
DA:228,0
DA:229,0
DA:231,0
DA:232,0
DA:233,0
DA:234,0
DA:235,0
DA:236,0
DA:237,0
DA:238,0
DA:239,0
DA:241,0
DA:242,0
DA:243,0
DA:244,0
DA:245,0
DA:246,0
DA:247,0
DA:248,0
DA:249,0
end_of_record
TN:Main-SC: Acquisition with more resources Case
SF:/Users/deployer/Desktop/StacksDegens/smart-contracts/sfts-advanced/contracts/main-sc.clar
FN:15,transfer-wrapper
FN:26,get-balance-wrapper
FN:38,mint-wrapper
FN:48,mint-wrapper-user
FN:58,mint-wrapper-admin
FN:70,mint-rewards
FN:76,burn-wrapper
FN:87,is-owned-needed-wrapper
FN:113,get-level-up-resources
FN:103,level-up
FN:117,set-level-up-resources
FN:168,get-crafting-resources
FN:158,craft-item
FN:172,set-crafting-resources
FN:215,get-acquisition-resources
FN:205,buy-item
FN:219,set-acquisition-resources
FN:269,get-fight-needed-resources
FN:259,start-fight
FN:273,set-fight-needed-resources
FN:301,get-fight-rewards
FN:293,reward-fighting
FN:305,set-fight-rewards
FN:334,get-sleeping-rewards
FN:326,reward-sleeping
FN:338,set-sleeping-rewards
FN:360,get-mining-rewards
FN:352,reward-mining
FN:364,set-mining-rewards
FN:395,get-harvesting-rewards
FN:392,mint-harvesting-rewards
FN:384,reward-harvesting
FN:399,set-harvesting-rewards
FNDA:17,burn-wrapper
FNDA:17,buy-item
FNDA:17,get-acquisition-resources
FNDA:17,is-owned-needed-wrapper
FNDA:4,mint-wrapper
FNDA:17,mint-wrapper-user
FNF:33
FNH:6
DA:0,178
DA:17,0
DA:18,0
DA:19,0
DA:20,0
DA:21,0
DA:22,0
DA:23,0
DA:29,0
DA:30,0
DA:31,0
DA:32,0
DA:33,0
DA:34,0
DA:35,0
DA:41,16
DA:42,16
DA:43,0
DA:44,0
DA:45,0
DA:46,0
DA:47,0
DA:51,68
DA:52,0
DA:53,68
DA:54,68
DA:55,0
DA:56,0
DA:57,0
DA:60,0
DA:61,0
DA:62,0
DA:63,0
DA:64,0
DA:65,0
DA:66,0
DA:67,0
DA:68,0
DA:69,0
DA:73,0
DA:78,180
DA:79,216
DA:80,0
DA:81,0
DA:82,0
DA:83,0
DA:84,0
DA:90,36
DA:91,180
DA:92,72
DA:93,0
DA:94,0
DA:95,0
DA:96,0
DA:97,0
DA:105,0
DA:106,0
DA:107,0
DA:108,0
DA:109,0
DA:110,0
DA:111,0
DA:112,0
DA:115,0
DA:116,0
DA:119,0
DA:120,0
DA:121,0
DA:123,0
DA:124,0
DA:125,0
DA:126,0
DA:127,0
DA:128,0
DA:129,0
DA:130,0
DA:131,0
DA:132,0
DA:133,0
DA:134,0
DA:135,0
DA:136,0
DA:137,0
DA:138,0
DA:139,0
DA:140,0
DA:141,0
DA:142,0
DA:143,0
DA:144,0
DA:145,0
DA:146,0
DA:147,0
DA:148,0
DA:149,0
DA:150,0
DA:151,0
DA:152,0
DA:153,0
DA:160,0
DA:161,0
DA:162,0
DA:163,0
DA:164,0
DA:165,0
DA:166,0
DA:167,0
DA:170,0
DA:171,0
DA:174,0
DA:175,0
DA:176,0
DA:178,0
DA:179,0
DA:180,0
DA:181,0
DA:182,0
DA:183,0
DA:184,0
DA:185,0
DA:186,0
DA:187,0
DA:188,0
DA:189,0
DA:190,0
DA:191,0
DA:192,0
DA:193,0
DA:195,0
DA:196,0
DA:197,0
DA:198,0
DA:199,0
DA:200,0
DA:207,17
DA:208,102
DA:209,68
DA:210,85
DA:211,51
DA:212,34
DA:213,68
DA:214,68
DA:217,102
DA:218,68
DA:221,0
DA:222,0
DA:223,0
DA:225,0
DA:226,0
DA:227,0
DA:228,0
DA:229,0
DA:230,0
DA:231,0
DA:232,0
DA:233,0
DA:234,0
DA:235,0
DA:236,0
DA:237,0
DA:238,0
DA:239,0
DA:240,0
DA:241,0
DA:242,0
DA:243,0
DA:244,0
DA:246,0
DA:247,0
DA:248,0
DA:249,0
DA:250,0
DA:251,0
DA:252,0
DA:253,0
DA:261,0
DA:262,0
DA:263,0
DA:264,0
DA:265,0
DA:266,0
DA:267,0
DA:268,0
DA:271,0
DA:272,0
DA:275,0
DA:276,0
DA:277,0
DA:279,0
DA:280,0
DA:281,0
DA:282,0
DA:283,0
DA:284,0
DA:285,0
DA:286,0
DA:287,0
DA:288,0
DA:295,0
DA:296,0
DA:297,0
DA:298,0
DA:299,0
DA:300,0
DA:303,0
DA:304,0
DA:307,0
DA:308,0
DA:309,0
DA:311,0
DA:312,0
DA:313,0
DA:314,0
DA:315,0
DA:316,0
DA:317,0
DA:318,0
DA:319,0
DA:320,0
DA:328,0
DA:329,0
DA:330,0
DA:331,0
DA:332,0
DA:333,0
DA:336,0
DA:337,0
DA:340,0
DA:341,0
DA:342,0
DA:344,0
DA:345,0
DA:346,0
DA:354,0
DA:355,0
DA:356,0
DA:357,0
DA:358,0
DA:359,0
DA:362,0
DA:363,0
DA:366,0
DA:367,0
DA:368,0
DA:370,0
DA:371,0
DA:372,0
DA:373,0
DA:374,0
DA:375,0
DA:376,0
DA:377,0
DA:378,0
DA:379,0
DA:386,0
DA:387,0
DA:388,0
DA:389,0
DA:390,0
DA:391,0
DA:394,0
DA:397,0
DA:398,0
DA:401,0
DA:402,0
DA:403,0
DA:405,0
DA:406,0
DA:407,0
DA:408,0
DA:409,0
DA:410,0
DA:411,0
DA:412,0
DA:413,0
end_of_record
TN:Main-SC: Acquisition with more resources Case
SF:/Users/deployer/Desktop/StacksDegens/smart-contracts/sfts-advanced/contracts/resources.clar
FN:56,get-balance-uint
FN:18,is-owned-needed
FN:21,tag-nft-token-id
FN:53,set-balance
FN:65,get-total-supply
FN:30,mint
FN:41,mint-user
FN:59,get-balance
FN:62,get-overall-balance
FN:68,get-overall-supply
FN:71,get-decimals
FN:76,transfer
FN:102,transfer-many-iter
FN:89,transfer-many
FN:92,transfer-memo
FN:105,transfer-many-memo-iter
FN:98,transfer-many-memo
FN:110,burn
FN:120,burn-wrapper
FN:127,set-token-uri
FN:133,get-token-uri
FN:146,set-token-name
FN:152,get-token-name
FNDA:17,burn
FNDA:21,get-balance-uint
FNDA:4,get-total-supply
FNDA:17,is-owned-needed
FNDA:4,mint
FNDA:21,set-balance
FNDA:21,tag-nft-token-id
FNF:23
FNH:7
DA:0,196
DA:20,288
DA:23,40
DA:24,40
DA:25,120
DA:26,180
DA:27,160
DA:32,4
DA:33,16
DA:34,16
DA:35,16
DA:36,16
DA:37,32
DA:38,28
DA:39,20
DA:40,8
DA:43,0
DA:44,0
DA:45,0
DA:46,0
DA:47,0
DA:48,0
DA:49,0
DA:50,0
DA:55,160
DA:58,380
DA:61,0
DA:64,0
DA:67,20
DA:70,0
DA:73,0
DA:79,0
DA:80,0
DA:81,0
DA:82,0
DA:83,0
DA:84,0
DA:85,0
DA:86,0
DA:87,0
DA:88,0
DA:91,0
DA:94,0
DA:95,0
DA:96,0
DA:97,0
DA:101,0
DA:104,0
DA:107,0
DA:112,144
DA:113,180
DA:114,144
DA:115,144
DA:116,144
DA:117,216
DA:118,180
DA:119,72
DA:122,0
DA:129,0
DA:130,0
DA:131,0
DA:132,0
DA:135,0
DA:136,0
DA:138,0
DA:139,0
DA:140,0
DA:141,0
DA:148,0
DA:149,0
DA:150,0
DA:151,0
DA:154,0
DA:155,0
DA:157,0
DA:158,0
DA:159,0
DA:160,0
end_of_record
TN:Main-SC: Acquisition with more resources Case
SF:/Users/deployer/Desktop/StacksDegens/smart-contracts/sfts-advanced/contracts/sip013-semi-fungible-token-trait.clar
FNF:0
FNH:0
end_of_record
TN:Main-SC: Acquisition with more resources Case
SF:/Users/deployer/Desktop/StacksDegens/smart-contracts/sfts-advanced/contracts/sip013-transfer-many-trait.clar
FNF:0
FNH:0
end_of_record
TN:Main-SC: Burn case
SF:/Users/deployer/Desktop/StacksDegens/smart-contracts/sfts-advanced/contracts/collection-1.clar
FN:58,get-balance-uint
FN:18,is-owned-needed
FN:21,tag-nft-token-id
FN:54,set-balance
FN:67,get-total-supply
FN:30,mint
FN:42,mint-user
FN:61,get-balance
FN:64,get-overall-balance
FN:70,get-overall-supply
FN:73,get-decimals
FN:78,transfer
FN:103,transfer-many-iter
FN:90,transfer-many
FN:93,transfer-memo
FN:106,transfer-many-memo-iter
FN:99,transfer-many-memo
FN:111,burn
FN:121,burn-wrapper
FN:128,set-token-uri
FN:134,get-token-uri
FN:151,set-token-name
FN:157,get-token-name
FNF:23
FNH:0
end_of_record
TN:Main-SC: Burn case
SF:/Users/deployer/Desktop/StacksDegens/smart-contracts/sfts-advanced/contracts/items.clar
FN:57,get-balance-uint
FN:19,is-owned-needed
FN:22,tag-nft-token-id
FN:54,set-balance
FN:66,get-total-supply
FN:31,mint
FN:42,mint-user
FN:60,get-balance
FN:63,get-overall-balance
FN:69,get-overall-supply
FN:72,get-decimals
FN:77,transfer
FN:104,transfer-many-iter
FN:89,transfer-many
FN:92,transfer-memo
FN:107,transfer-many-memo-iter
FN:98,transfer-many-memo
FN:101,transfer-wrapper
FN:112,burn
FN:122,burn-wrapper
FN:129,set-token-uri
FN:135,get-token-uri
FN:189,set-token-name
FN:195,get-token-name
FNF:24
FNH:0
end_of_record
TN:Main-SC: Burn case
SF:/Users/deployer/Desktop/StacksDegens/smart-contracts/sfts-advanced/contracts/main-sc.clar
FN:15,transfer-wrapper
FN:26,get-balance-wrapper
FN:38,mint-wrapper
FN:48,mint-wrapper-user
FN:58,mint-wrapper-admin
FN:70,mint-rewards
FN:76,burn-wrapper
FN:87,is-owned-needed-wrapper
FN:113,get-level-up-resources
FN:103,level-up
FN:117,set-level-up-resources
FN:168,get-crafting-resources
FN:158,craft-item
FN:172,set-crafting-resources
FN:215,get-acquisition-resources
FN:205,buy-item
FN:219,set-acquisition-resources
FN:269,get-fight-needed-resources
FN:259,start-fight
FN:273,set-fight-needed-resources
FN:301,get-fight-rewards
FN:293,reward-fighting
FN:305,set-fight-rewards
FN:334,get-sleeping-rewards
FN:326,reward-sleeping
FN:338,set-sleeping-rewards
FN:360,get-mining-rewards
FN:352,reward-mining
FN:364,set-mining-rewards
FN:395,get-harvesting-rewards
FN:392,mint-harvesting-rewards
FN:384,reward-harvesting
FN:399,set-harvesting-rewards
FNDA:1,burn-wrapper
FNF:33
FNH:1
DA:0,0
DA:17,0
DA:18,0
DA:19,0
DA:20,0
DA:21,0
DA:22,0
DA:23,0
DA:29,0
DA:30,0
DA:31,0
DA:32,0
DA:33,0
DA:34,0
DA:35,0
DA:41,0
DA:42,0
DA:43,0
DA:44,0
DA:45,0
DA:46,0
DA:47,0
DA:51,0
DA:52,0
DA:53,0
DA:54,0
DA:55,0
DA:56,0
DA:57,0
DA:60,0
DA:61,0
DA:62,0
DA:63,0
DA:64,0
DA:65,0
DA:66,0
DA:67,0
DA:68,0
DA:69,0
DA:73,0
DA:78,5
DA:79,0
DA:80,5
DA:81,0
DA:82,5
DA:83,0
DA:84,1
DA:90,0
DA:91,0
DA:92,0
DA:93,0
DA:94,0
DA:95,0
DA:96,0
DA:97,0
DA:105,0
DA:106,0
DA:107,0
DA:108,0
DA:109,0
DA:110,0
DA:111,0
DA:112,0
DA:115,0
DA:116,0
DA:119,0
DA:120,0
DA:121,0
DA:123,0
DA:124,0
DA:125,0
DA:126,0
DA:127,0
DA:128,0
DA:129,0
DA:130,0
DA:131,0
DA:132,0
DA:133,0
DA:134,0
DA:135,0
DA:136,0
DA:137,0
DA:138,0
DA:139,0
DA:140,0
DA:141,0
DA:142,0
DA:143,0
DA:144,0
DA:145,0
DA:146,0
DA:147,0
DA:148,0
DA:149,0
DA:150,0
DA:151,0
DA:152,0
DA:153,0
DA:160,0
DA:161,0
DA:162,0
DA:163,0
DA:164,0
DA:165,0
DA:166,0
DA:167,0
DA:170,0
DA:171,0
DA:174,0
DA:175,0
DA:176,0
DA:178,0
DA:179,0
DA:180,0
DA:181,0
DA:182,0
DA:183,0
DA:184,0
DA:185,0
DA:186,0
DA:187,0
DA:188,0
DA:189,0
DA:190,0
DA:191,0
DA:192,0
DA:193,0
DA:195,0
DA:196,0
DA:197,0
DA:198,0
DA:199,0
DA:200,0
DA:207,0
DA:208,0
DA:209,0
DA:210,0
DA:211,0
DA:212,0
DA:213,0
DA:214,0
DA:217,0
DA:218,0
DA:221,0
DA:222,0
DA:223,0
DA:225,0
DA:226,0
DA:227,0
DA:228,0
DA:229,0
DA:230,0
DA:231,0
DA:232,0
DA:233,0
DA:234,0
DA:235,0
DA:236,0
DA:237,0
DA:238,0
DA:239,0
DA:240,0
DA:241,0
DA:242,0
DA:243,0
DA:244,0
DA:246,0
DA:247,0
DA:248,0
DA:249,0
DA:250,0
DA:251,0
DA:252,0
DA:253,0
DA:261,0
DA:262,0
DA:263,0
DA:264,0
DA:265,0
DA:266,0
DA:267,0
DA:268,0
DA:271,0
DA:272,0
DA:275,0
DA:276,0
DA:277,0
DA:279,0
DA:280,0
DA:281,0
DA:282,0
DA:283,0
DA:284,0
DA:285,0
DA:286,0
DA:287,0
DA:288,0
DA:295,0
DA:296,0
DA:297,0
DA:298,0
DA:299,0
DA:300,0
DA:303,0
DA:304,0
DA:307,0
DA:308,0
DA:309,0
DA:311,0
DA:312,0
DA:313,0
DA:314,0
DA:315,0
DA:316,0
DA:317,0
DA:318,0
DA:319,0
DA:320,0
DA:328,0
DA:329,0
DA:330,0
DA:331,0
DA:332,0
DA:333,0
DA:336,0
DA:337,0
DA:340,0
DA:341,0
DA:342,0
DA:344,0
DA:345,0
DA:346,0
DA:354,0
DA:355,0
DA:356,0
DA:357,0
DA:358,0
DA:359,0
DA:362,0
DA:363,0
DA:366,0
DA:367,0
DA:368,0
DA:370,0
DA:371,0
DA:372,0
DA:373,0
DA:374,0
DA:375,0
DA:376,0
DA:377,0
DA:378,0
DA:379,0
DA:386,0
DA:387,0
DA:388,0
DA:389,0
DA:390,0
DA:391,0
DA:394,0
DA:397,0
DA:398,0
DA:401,0
DA:402,0
DA:403,0
DA:405,0
DA:406,0
DA:407,0
DA:408,0
DA:409,0
DA:410,0
DA:411,0
DA:412,0
DA:413,0
end_of_record
TN:Main-SC: Burn case
SF:/Users/deployer/Desktop/StacksDegens/smart-contracts/sfts-advanced/contracts/resources.clar
FN:56,get-balance-uint
FN:18,is-owned-needed
FN:21,tag-nft-token-id
FN:53,set-balance
FN:65,get-total-supply
FN:30,mint
FN:41,mint-user
FN:59,get-balance
FN:62,get-overall-balance
FN:68,get-overall-supply
FN:71,get-decimals
FN:76,transfer
FN:102,transfer-many-iter
FN:89,transfer-many
FN:92,transfer-memo
FN:105,transfer-many-memo-iter
FN:98,transfer-many-memo
FN:110,burn
FN:120,burn-wrapper
FN:127,set-token-uri
FN:133,get-token-uri
FN:146,set-token-name
FN:152,get-token-name
FNF:23
FNH:0
end_of_record
TN:Main-SC: Burn case
SF:/Users/deployer/Desktop/StacksDegens/smart-contracts/sfts-advanced/contracts/sip013-semi-fungible-token-trait.clar
FNF:0
FNH:0
end_of_record
TN:Main-SC: Burn case
SF:/Users/deployer/Desktop/StacksDegens/smart-contracts/sfts-advanced/contracts/sip013-transfer-many-trait.clar
FNF:0
FNH:0
end_of_record
TN:Main-SC: Crafting Case
SF:/Users/deployer/Desktop/StacksDegens/smart-contracts/sfts-advanced/contracts/collection-1.clar
FN:58,get-balance-uint
FN:18,is-owned-needed
FN:21,tag-nft-token-id
FN:54,set-balance
FN:67,get-total-supply
FN:30,mint
FN:42,mint-user
FN:61,get-balance
FN:64,get-overall-balance
FN:70,get-overall-supply
FN:73,get-decimals
FN:78,transfer
FN:103,transfer-many-iter
FN:90,transfer-many
FN:93,transfer-memo
FN:106,transfer-many-memo-iter
FN:99,transfer-many-memo
FN:111,burn
FN:121,burn-wrapper
FN:128,set-token-uri
FN:134,get-token-uri
FN:151,set-token-name
FN:157,get-token-name
FNF:23
FNH:0
end_of_record
TN:Main-SC: Crafting Case
SF:/Users/deployer/Desktop/StacksDegens/smart-contracts/sfts-advanced/contracts/items.clar
FN:57,get-balance-uint
FN:19,is-owned-needed
FN:22,tag-nft-token-id
FN:54,set-balance
FN:66,get-total-supply
FN:31,mint
FN:42,mint-user
FN:60,get-balance
FN:63,get-overall-balance
FN:69,get-overall-supply
FN:72,get-decimals
FN:77,transfer
FN:104,transfer-many-iter
FN:89,transfer-many
FN:92,transfer-memo
FN:107,transfer-many-memo-iter
FN:98,transfer-many-memo
FN:101,transfer-wrapper
FN:112,burn
FN:122,burn-wrapper
FN:129,set-token-uri
FN:135,get-token-uri
FN:189,set-token-name
FN:195,get-token-name
FNDA:10,get-balance-uint
FNDA:10,get-total-supply
FNDA:10,mint-user
FNDA:10,set-balance
FNDA:10,tag-nft-token-id
FNF:24
FNH:5
DA:0,40
DA:21,0
DA:24,10
DA:25,10
DA:26,30
DA:27,0
DA:28,40
DA:33,0
DA:34,0
DA:35,0
DA:36,0
DA:37,0
DA:38,0
DA:39,0
DA:40,0
DA:41,0
DA:44,10
DA:45,40
DA:46,40
DA:47,40
DA:48,80
DA:49,70
DA:50,50
DA:51,20
DA:56,40
DA:59,50
DA:62,0
DA:65,0
DA:68,50
DA:71,0
DA:74,0
DA:79,0
DA:80,0
DA:81,0
DA:82,0
DA:83,0
DA:84,0
DA:85,0
DA:86,0
DA:87,0
DA:88,0
DA:91,0
DA:94,0
DA:95,0
DA:96,0
DA:97,0
DA:100,0
DA:103,0
DA:106,0
DA:109,0
DA:114,0
DA:115,0
DA:116,0
DA:117,0
DA:118,0
DA:119,0
DA:120,0
DA:121,0
DA:124,0
DA:131,0
DA:132,0
DA:133,0
DA:134,0
DA:137,0
DA:138,0
DA:140,0
DA:141,0
DA:142,0
DA:143,0
DA:144,0
DA:145,0
DA:146,0
DA:147,0
DA:148,0
DA:149,0
DA:150,0
DA:151,0
DA:152,0
DA:153,0
DA:154,0
DA:155,0
DA:156,0
DA:157,0
DA:158,0
DA:159,0
DA:160,0
DA:161,0
DA:162,0
DA:163,0
DA:164,0
DA:165,0
DA:166,0
DA:167,0
DA:168,0
DA:169,0
DA:170,0
DA:171,0
DA:172,0
DA:173,0
DA:174,0
DA:175,0
DA:176,0
DA:177,0
DA:178,0
DA:179,0
DA:180,0
DA:181,0
DA:182,0
DA:183,0
DA:184,0
DA:191,0
DA:192,0
DA:193,0
DA:194,0
DA:197,0
DA:198,0
DA:200,0
DA:201,0
DA:202,0
DA:203,0
DA:204,0
DA:205,0
DA:206,0
DA:207,0
DA:208,0
DA:209,0
DA:211,0
DA:212,0
DA:213,0
DA:214,0
DA:215,0
DA:216,0
DA:217,0
DA:218,0
DA:219,0
DA:221,0
DA:222,0
DA:223,0
DA:224,0
DA:225,0
DA:226,0
DA:227,0
DA:228,0
DA:229,0
DA:231,0
DA:232,0
DA:233,0
DA:234,0
DA:235,0
DA:236,0
DA:237,0
DA:238,0
DA:239,0
DA:241,0
DA:242,0
DA:243,0
DA:244,0
DA:245,0
DA:246,0
DA:247,0
DA:248,0
DA:249,0
end_of_record
TN:Main-SC: Crafting Case
SF:/Users/deployer/Desktop/StacksDegens/smart-contracts/sfts-advanced/contracts/main-sc.clar
FN:15,transfer-wrapper
FN:26,get-balance-wrapper
FN:38,mint-wrapper
FN:48,mint-wrapper-user
FN:58,mint-wrapper-admin
FN:70,mint-rewards
FN:76,burn-wrapper
FN:87,is-owned-needed-wrapper
FN:113,get-level-up-resources
FN:103,level-up
FN:117,set-level-up-resources
FN:168,get-crafting-resources
FN:158,craft-item
FN:172,set-crafting-resources
FN:215,get-acquisition-resources
FN:205,buy-item
FN:219,set-acquisition-resources
FN:269,get-fight-needed-resources
FN:259,start-fight
FN:273,set-fight-needed-resources
FN:301,get-fight-rewards
FN:293,reward-fighting
FN:305,set-fight-rewards
FN:334,get-sleeping-rewards
FN:326,reward-sleeping
FN:338,set-sleeping-rewards
FN:360,get-mining-rewards
FN:352,reward-mining
FN:364,set-mining-rewards
FN:395,get-harvesting-rewards
FN:392,mint-harvesting-rewards
FN:384,reward-harvesting
FN:399,set-harvesting-rewards
FNDA:10,burn-wrapper
FNDA:10,craft-item
FNDA:10,get-crafting-resources
FNDA:10,is-owned-needed-wrapper
FNDA:10,mint-wrapper
FNDA:10,mint-wrapper-user
FNF:33
FNH:6
DA:0,60
DA:17,0
DA:18,0
DA:19,0
DA:20,0
DA:21,0
DA:22,0
DA:23,0
DA:29,0
DA:30,0
DA:31,0
DA:32,0
DA:33,0
DA:34,0
DA:35,0
DA:41,40
DA:42,40
DA:43,0
DA:44,0
DA:45,0
DA:46,0
DA:47,0
DA:51,40
DA:52,0
DA:53,40
DA:54,40
DA:55,0
DA:56,0
DA:57,0
DA:60,0
DA:61,0
DA:62,0
DA:63,0
DA:64,0
DA:65,0
DA:66,0
DA:67,0
DA:68,0
DA:69,0
DA:73,0
DA:78,50
DA:79,60
DA:80,0
DA:81,0
DA:82,0
DA:83,0
DA:84,0
DA:90,10
DA:91,50
DA:92,20
DA:93,0
DA:94,0
DA:95,0
DA:96,0
DA:97,0
DA:105,0
DA:106,0
DA:107,0
DA:108,0
DA:109,0
DA:110,0
DA:111,0
DA:112,0
DA:115,0
DA:116,0
DA:119,0
DA:120,0
DA:121,0
DA:123,0
DA:124,0
DA:125,0
DA:126,0
DA:127,0
DA:128,0
DA:129,0
DA:130,0
DA:131,0
DA:132,0
DA:133,0
DA:134,0
DA:135,0
DA:136,0
DA:137,0
DA:138,0
DA:139,0
DA:140,0
DA:141,0
DA:142,0
DA:143,0
DA:144,0
DA:145,0
DA:146,0
DA:147,0
DA:148,0
DA:149,0
DA:150,0
DA:151,0
DA:152,0
DA:153,0
DA:160,10
DA:161,60
DA:162,40
DA:163,50
DA:164,30
DA:165,20
DA:166,40
DA:167,40
DA:170,60
DA:171,40
DA:174,0
DA:175,0
DA:176,0
DA:178,0
DA:179,0
DA:180,0
DA:181,0
DA:182,0
DA:183,0
DA:184,0
DA:185,0
DA:186,0
DA:187,0
DA:188,0
DA:189,0
DA:190,0
DA:191,0
DA:192,0
DA:193,0
DA:195,0
DA:196,0
DA:197,0
DA:198,0
DA:199,0
DA:200,0
DA:207,0
DA:208,0
DA:209,0
DA:210,0
DA:211,0
DA:212,0
DA:213,0
DA:214,0
DA:217,0
DA:218,0
DA:221,0
DA:222,0
DA:223,0
DA:225,0
DA:226,0
DA:227,0
DA:228,0
DA:229,0
DA:230,0
DA:231,0
DA:232,0
DA:233,0
DA:234,0
DA:235,0
DA:236,0
DA:237,0
DA:238,0
DA:239,0
DA:240,0
DA:241,0
DA:242,0
DA:243,0
DA:244,0
DA:246,0
DA:247,0
DA:248,0
DA:249,0
DA:250,0
DA:251,0
DA:252,0
DA:253,0
DA:261,0
DA:262,0
DA:263,0
DA:264,0
DA:265,0
DA:266,0
DA:267,0
DA:268,0
DA:271,0
DA:272,0
DA:275,0
DA:276,0
DA:277,0
DA:279,0
DA:280,0
DA:281,0
DA:282,0
DA:283,0
DA:284,0
DA:285,0
DA:286,0
DA:287,0
DA:288,0
DA:295,0
DA:296,0
DA:297,0
DA:298,0
DA:299,0
DA:300,0
DA:303,0
DA:304,0
DA:307,0
DA:308,0
DA:309,0
DA:311,0
DA:312,0
DA:313,0
DA:314,0
DA:315,0
DA:316,0
DA:317,0
DA:318,0
DA:319,0
DA:320,0
DA:328,0
DA:329,0
DA:330,0
DA:331,0
DA:332,0
DA:333,0
DA:336,0
DA:337,0
DA:340,0
DA:341,0
DA:342,0
DA:344,0
DA:345,0
DA:346,0
DA:354,0
DA:355,0
DA:356,0
DA:357,0
DA:358,0
DA:359,0
DA:362,0
DA:363,0
DA:366,0
DA:367,0
DA:368,0
DA:370,0
DA:371,0
DA:372,0
DA:373,0
DA:374,0
DA:375,0
DA:376,0
DA:377,0
DA:378,0
DA:379,0
DA:386,0
DA:387,0
DA:388,0
DA:389,0
DA:390,0
DA:391,0
DA:394,0
DA:397,0
DA:398,0
DA:401,0
DA:402,0
DA:403,0
DA:405,0
DA:406,0
DA:407,0
DA:408,0
DA:409,0
DA:410,0
DA:411,0
DA:412,0
DA:413,0
end_of_record
TN:Main-SC: Crafting Case
SF:/Users/deployer/Desktop/StacksDegens/smart-contracts/sfts-advanced/contracts/resources.clar
FN:56,get-balance-uint
FN:18,is-owned-needed
FN:21,tag-nft-token-id
FN:53,set-balance
FN:65,get-total-supply
FN:30,mint
FN:41,mint-user
FN:59,get-balance
FN:62,get-overall-balance
FN:68,get-overall-supply
FN:71,get-decimals
FN:76,transfer
FN:102,transfer-many-iter
FN:89,transfer-many
FN:92,transfer-memo
FN:105,transfer-many-memo-iter
FN:98,transfer-many-memo
FN:110,burn
FN:120,burn-wrapper
FN:127,set-token-uri
FN:133,get-token-uri
FN:146,set-token-name
FN:152,get-token-name
FNDA:10,burn
FNDA:20,get-balance-uint
FNDA:10,get-total-supply
FNDA:10,is-owned-needed
FNDA:10,mint
FNDA:20,set-balance
FNDA:20,tag-nft-token-id
FNF:23
FNH:7
DA:0,90
DA:20,80
DA:23,20
DA:24,20
DA:25,60
DA:26,90
DA:27,80
DA:32,10
DA:33,40
DA:34,40
DA:35,40
DA:36,40
DA:37,80
DA:38,70
DA:39,50
DA:40,20
DA:43,0
DA:44,0
DA:45,0
DA:46,0
DA:47,0
DA:48,0
DA:49,0
DA:50,0
DA:55,80
DA:58,150
DA:61,0
DA:64,0
DA:67,50
DA:70,0
DA:73,0
DA:79,0
DA:80,0
DA:81,0
DA:82,0
DA:83,0
DA:84,0
DA:85,0
DA:86,0
DA:87,0
DA:88,0
DA:91,0
DA:94,0
DA:95,0
DA:96,0
DA:97,0
DA:101,0
DA:104,0
DA:107,0
DA:112,40
DA:113,50
DA:114,40
DA:115,40
DA:116,40
DA:117,60
DA:118,50
DA:119,20
DA:122,0
DA:129,0
DA:130,0
DA:131,0
DA:132,0
DA:135,0
DA:136,0
DA:138,0
DA:139,0
DA:140,0
DA:141,0
DA:148,0
DA:149,0
DA:150,0
DA:151,0
DA:154,0
DA:155,0
DA:157,0
DA:158,0
DA:159,0
DA:160,0
end_of_record
TN:Main-SC: Crafting Case
SF:/Users/deployer/Desktop/StacksDegens/smart-contracts/sfts-advanced/contracts/sip013-semi-fungible-token-trait.clar
FNF:0
FNH:0
end_of_record
TN:Main-SC: Crafting Case
SF:/Users/deployer/Desktop/StacksDegens/smart-contracts/sfts-advanced/contracts/sip013-transfer-many-trait.clar
FNF:0
FNH:0
end_of_record
TN:Main-SC: Crafting with less resources Case
SF:/Users/deployer/Desktop/StacksDegens/smart-contracts/sfts-advanced/contracts/collection-1.clar
FN:58,get-balance-uint
FN:18,is-owned-needed
FN:21,tag-nft-token-id
FN:54,set-balance
FN:67,get-total-supply
FN:30,mint
FN:42,mint-user
FN:61,get-balance
FN:64,get-overall-balance
FN:70,get-overall-supply
FN:73,get-decimals
FN:78,transfer
FN:103,transfer-many-iter
FN:90,transfer-many
FN:93,transfer-memo
FN:106,transfer-many-memo-iter
FN:99,transfer-many-memo
FN:111,burn
FN:121,burn-wrapper
FN:128,set-token-uri
FN:134,get-token-uri
FN:151,set-token-name
FN:157,get-token-name
FNF:23
FNH:0
end_of_record
TN:Main-SC: Crafting with less resources Case
SF:/Users/deployer/Desktop/StacksDegens/smart-contracts/sfts-advanced/contracts/items.clar
FN:57,get-balance-uint
FN:19,is-owned-needed
FN:22,tag-nft-token-id
FN:54,set-balance
FN:66,get-total-supply
FN:31,mint
FN:42,mint-user
FN:60,get-balance
FN:63,get-overall-balance
FN:69,get-overall-supply
FN:72,get-decimals
FN:77,transfer
FN:104,transfer-many-iter
FN:89,transfer-many
FN:92,transfer-memo
FN:107,transfer-many-memo-iter
FN:98,transfer-many-memo
FN:101,transfer-wrapper
FN:112,burn
FN:122,burn-wrapper
FN:129,set-token-uri
FN:135,get-token-uri
FN:189,set-token-name
FN:195,get-token-name
FNDA:13,get-balance-uint
FNDA:11,get-total-supply
FNDA:2,is-owned-needed
FNDA:3,mint
FNDA:8,mint-user
FNDA:11,set-balance
FNDA:11,tag-nft-token-id
FNF:24
FNH:7
DA:0,48
DA:21,32
DA:24,11
DA:25,11
DA:26,33
DA:27,0
DA:28,44
DA:33,3
DA:34,12
DA:35,12
DA:36,12
DA:37,12
DA:38,24
DA:39,21
DA:40,15
DA:41,6
DA:44,8
DA:45,32
DA:46,32
DA:47,32
DA:48,64
DA:49,56
DA:50,40
DA:51,16
DA:56,44
DA:59,75
DA:62,0
DA:65,0
DA:68,55
DA:71,0
DA:74,0
DA:79,0
DA:80,0
DA:81,0
DA:82,0
DA:83,0
DA:84,0
DA:85,0
DA:86,0
DA:87,0
DA:88,0
DA:91,0
DA:94,0
DA:95,0
DA:96,0
DA:97,0
DA:100,0
DA:103,0
DA:106,0
DA:109,0
DA:114,0
DA:115,0
DA:116,0
DA:117,0
DA:118,0
DA:119,0
DA:120,0
DA:121,0
DA:124,0
DA:131,0
DA:132,0
DA:133,0
DA:134,0
DA:137,0
DA:138,0
DA:140,0
DA:141,0
DA:142,0
DA:143,0
DA:144,0
DA:145,0
DA:146,0
DA:147,0
DA:148,0
DA:149,0
DA:150,0
DA:151,0
DA:152,0
DA:153,0
DA:154,0
DA:155,0
DA:156,0
DA:157,0
DA:158,0
DA:159,0
DA:160,0
DA:161,0
DA:162,0
DA:163,0
DA:164,0
DA:165,0
DA:166,0
DA:167,0
DA:168,0
DA:169,0
DA:170,0
DA:171,0
DA:172,0
DA:173,0
DA:174,0
DA:175,0
DA:176,0
DA:177,0
DA:178,0
DA:179,0
DA:180,0
DA:181,0
DA:182,0
DA:183,0
DA:184,0
DA:191,0
DA:192,0
DA:193,0
DA:194,0
DA:197,0
DA:198,0
DA:200,0
DA:201,0
DA:202,0
DA:203,0
DA:204,0
DA:205,0
DA:206,0
DA:207,0
DA:208,0
DA:209,0
DA:211,0
DA:212,0
DA:213,0
DA:214,0
DA:215,0
DA:216,0
DA:217,0
DA:218,0
DA:219,0
DA:221,0
DA:222,0
DA:223,0
DA:224,0
DA:225,0
DA:226,0
DA:227,0
DA:228,0
DA:229,0
DA:231,0
DA:232,0
DA:233,0
DA:234,0
DA:235,0
DA:236,0
DA:237,0
DA:238,0
DA:239,0
DA:241,0
DA:242,0
DA:243,0
DA:244,0
DA:245,0
DA:246,0
DA:247,0
DA:248,0
DA:249,0
end_of_record
TN:Main-SC: Crafting with less resources Case
SF:/Users/deployer/Desktop/StacksDegens/smart-contracts/sfts-advanced/contracts/main-sc.clar
FN:15,transfer-wrapper
FN:26,get-balance-wrapper
FN:38,mint-wrapper
FN:48,mint-wrapper-user
FN:58,mint-wrapper-admin
FN:70,mint-rewards
FN:76,burn-wrapper
FN:87,is-owned-needed-wrapper
FN:113,get-level-up-resources
FN:103,level-up
FN:117,set-level-up-resources
FN:168,get-crafting-resources
FN:158,craft-item
FN:172,set-crafting-resources
FN:215,get-acquisition-resources
FN:205,buy-item
FN:219,set-acquisition-resources
FN:269,get-fight-needed-resources
FN:259,start-fight
FN:273,set-fight-needed-resources
FN:301,get-fight-rewards
FN:293,reward-fighting
FN:305,set-fight-rewards
FN:334,get-sleeping-rewards
FN:326,reward-sleeping
FN:338,set-sleeping-rewards
FN:360,get-mining-rewards
FN:352,reward-mining
FN:364,set-mining-rewards
FN:395,get-harvesting-rewards
FN:392,mint-harvesting-rewards
FN:384,reward-harvesting
FN:399,set-harvesting-rewards
FNDA:8,burn-wrapper
FNDA:12,craft-item
FNDA:12,get-crafting-resources
FNDA:12,is-owned-needed-wrapper
FNDA:12,mint-wrapper
FNDA:8,mint-wrapper-user
FNF:33
FNH:6
DA:0,75
DA:17,0
DA:18,0
DA:19,0
DA:20,0
DA:21,0
DA:22,0
DA:23,0
DA:29,0
DA:30,0
DA:31,0
DA:32,0
DA:33,0
DA:34,0
DA:35,0
DA:41,48
DA:42,36
DA:43,12
DA:44,12
DA:45,0
DA:46,0
DA:47,0
DA:51,32
DA:52,0
DA:53,32
DA:54,32
DA:55,0
DA:56,0
DA:57,0
DA:60,0
DA:61,0
DA:62,0
DA:63,0
DA:64,0
DA:65,0
DA:66,0
DA:67,0
DA:68,0
DA:69,0
DA:73,0
DA:78,40
DA:79,48
DA:80,0
DA:81,0
DA:82,0
DA:83,0
DA:84,0
DA:90,16
DA:91,80
DA:92,24
DA:93,20
DA:94,8
DA:95,0
DA:96,0
DA:97,0
DA:105,0
DA:106,0
DA:107,0
DA:108,0
DA:109,0
DA:110,0
DA:111,0
DA:112,0
DA:115,0
DA:116,0
DA:119,0
DA:120,0
DA:121,0
DA:123,0
DA:124,0
DA:125,0
DA:126,0
DA:127,0
DA:128,0
DA:129,0
DA:130,0
DA:131,0
DA:132,0
DA:133,0
DA:134,0
DA:135,0
DA:136,0
DA:137,0
DA:138,0
DA:139,0
DA:140,0
DA:141,0
DA:142,0
DA:143,0
DA:144,0
DA:145,0
DA:146,0
DA:147,0
DA:148,0
DA:149,0
DA:150,0
DA:151,0
DA:152,0
DA:153,0
DA:160,12
DA:161,72
DA:162,48
DA:163,60
DA:164,36
DA:165,28
DA:166,32
DA:167,32
DA:170,72
DA:171,48
DA:174,0
DA:175,0
DA:176,0
DA:178,0
DA:179,0
DA:180,0
DA:181,0
DA:182,0
DA:183,0
DA:184,0
DA:185,0
DA:186,0
DA:187,0
DA:188,0
DA:189,0
DA:190,0
DA:191,0
DA:192,0
DA:193,0
DA:195,0
DA:196,0
DA:197,0
DA:198,0
DA:199,0
DA:200,0
DA:207,0
DA:208,0
DA:209,0
DA:210,0
DA:211,0
DA:212,0
DA:213,0
DA:214,0
DA:217,0
DA:218,0
DA:221,0
DA:222,0
DA:223,0
DA:225,0
DA:226,0
DA:227,0
DA:228,0
DA:229,0
DA:230,0
DA:231,0
DA:232,0
DA:233,0
DA:234,0
DA:235,0
DA:236,0
DA:237,0
DA:238,0
DA:239,0
DA:240,0
DA:241,0
DA:242,0
DA:243,0
DA:244,0
DA:246,0
DA:247,0
DA:248,0
DA:249,0
DA:250,0
DA:251,0
DA:252,0
DA:253,0
DA:261,0
DA:262,0
DA:263,0
DA:264,0
DA:265,0
DA:266,0
DA:267,0
DA:268,0
DA:271,0
DA:272,0
DA:275,0
DA:276,0
DA:277,0
DA:279,0
DA:280,0
DA:281,0
DA:282,0
DA:283,0
DA:284,0
DA:285,0
DA:286,0
DA:287,0
DA:288,0
DA:295,0
DA:296,0
DA:297,0
DA:298,0
DA:299,0
DA:300,0
DA:303,0
DA:304,0
DA:307,0
DA:308,0
DA:309,0
DA:311,0
DA:312,0
DA:313,0
DA:314,0
DA:315,0
DA:316,0
DA:317,0
DA:318,0
DA:319,0
DA:320,0
DA:328,0
DA:329,0
DA:330,0
DA:331,0
DA:332,0
DA:333,0
DA:336,0
DA:337,0
DA:340,0
DA:341,0
DA:342,0
DA:344,0
DA:345,0
DA:346,0
DA:354,0
DA:355,0
DA:356,0
DA:357,0
DA:358,0
DA:359,0
DA:362,0
DA:363,0
DA:366,0
DA:367,0
DA:368,0
DA:370,0
DA:371,0
DA:372,0
DA:373,0
DA:374,0
DA:375,0
DA:376,0
DA:377,0
DA:378,0
DA:379,0
DA:386,0
DA:387,0
DA:388,0
DA:389,0
DA:390,0
DA:391,0
DA:394,0
DA:397,0
DA:398,0
DA:401,0
DA:402,0
DA:403,0
DA:405,0
DA:406,0
DA:407,0
DA:408,0
DA:409,0
DA:410,0
DA:411,0
DA:412,0
DA:413,0
end_of_record
TN:Main-SC: Crafting with less resources Case
SF:/Users/deployer/Desktop/StacksDegens/smart-contracts/sfts-advanced/contracts/resources.clar
FN:56,get-balance-uint
FN:18,is-owned-needed
FN:21,tag-nft-token-id
FN:53,set-balance
FN:65,get-total-supply
FN:30,mint
FN:41,mint-user
FN:59,get-balance
FN:62,get-overall-balance
FN:68,get-overall-supply
FN:71,get-decimals
FN:76,transfer
FN:102,transfer-many-iter
FN:89,transfer-many
FN:92,transfer-memo
FN:105,transfer-many-memo-iter
FN:98,transfer-many-memo
FN:110,burn
FN:120,burn-wrapper
FN:127,set-token-uri
FN:133,get-token-uri
FN:146,set-token-name
FN:152,get-token-name
FNDA:8,burn
FNDA:21,get-balance-uint
FNDA:9,get-total-supply
FNDA:12,is-owned-needed
FNDA:9,mint
FNDA:17,set-balance
FNDA:17,tag-nft-token-id
FNF:23
FNH:7
DA:0,80
DA:20,96
DA:23,17
DA:24,17
DA:25,51
DA:26,75
DA:27,68
DA:32,9
DA:33,36
DA:34,36
DA:35,36
DA:36,36
DA:37,72
DA:38,63
DA:39,45
DA:40,18
DA:43,0
DA:44,0
DA:45,0
DA:46,0
DA:47,0
DA:48,0
DA:49,0
DA:50,0
DA:55,68
DA:58,145
DA:61,0
DA:64,0
DA:67,45
DA:70,0
DA:73,0
DA:79,0
DA:80,0
DA:81,0
DA:82,0
DA:83,0
DA:84,0
DA:85,0
DA:86,0
DA:87,0
DA:88,0
DA:91,0
DA:94,0
DA:95,0
DA:96,0
DA:97,0
DA:101,0
DA:104,0
DA:107,0
DA:112,32
DA:113,40
DA:114,32
DA:115,32
DA:116,32
DA:117,48
DA:118,40
DA:119,16
DA:122,0
DA:129,0
DA:130,0
DA:131,0
DA:132,0
DA:135,0
DA:136,0
DA:138,0
DA:139,0
DA:140,0
DA:141,0
DA:148,0
DA:149,0
DA:150,0
DA:151,0
DA:154,0
DA:155,0
DA:157,0
DA:158,0
DA:159,0
DA:160,0
end_of_record
TN:Main-SC: Crafting with less resources Case
SF:/Users/deployer/Desktop/StacksDegens/smart-contracts/sfts-advanced/contracts/sip013-semi-fungible-token-trait.clar
FNF:0
FNH:0
end_of_record
TN:Main-SC: Crafting with less resources Case
SF:/Users/deployer/Desktop/StacksDegens/smart-contracts/sfts-advanced/contracts/sip013-transfer-many-trait.clar
FNF:0
FNH:0
end_of_record
TN:Main-SC: Crafting with more resources Case
SF:/Users/deployer/Desktop/StacksDegens/smart-contracts/sfts-advanced/contracts/collection-1.clar
FN:58,get-balance-uint
FN:18,is-owned-needed
FN:21,tag-nft-token-id
FN:54,set-balance
FN:67,get-total-supply
FN:30,mint
FN:42,mint-user
FN:61,get-balance
FN:64,get-overall-balance
FN:70,get-overall-supply
FN:73,get-decimals
FN:78,transfer
FN:103,transfer-many-iter
FN:90,transfer-many
FN:93,transfer-memo
FN:106,transfer-many-memo-iter
FN:99,transfer-many-memo
FN:111,burn
FN:121,burn-wrapper
FN:128,set-token-uri
FN:134,get-token-uri
FN:151,set-token-name
FN:157,get-token-name
FNF:23
FNH:0
end_of_record
TN:Main-SC: Crafting with more resources Case
SF:/Users/deployer/Desktop/StacksDegens/smart-contracts/sfts-advanced/contracts/items.clar
FN:57,get-balance-uint
FN:19,is-owned-needed
FN:22,tag-nft-token-id
FN:54,set-balance
FN:66,get-total-supply
FN:31,mint
FN:42,mint-user
FN:60,get-balance
FN:63,get-overall-balance
FN:69,get-overall-supply
FN:72,get-decimals
FN:77,transfer
FN:104,transfer-many-iter
FN:89,transfer-many
FN:92,transfer-memo
FN:107,transfer-many-memo-iter
FN:98,transfer-many-memo
FN:101,transfer-wrapper
FN:112,burn
FN:122,burn-wrapper
FN:129,set-token-uri
FN:135,get-token-uri
FN:189,set-token-name
FN:195,get-token-name
FNDA:10,get-balance-uint
FNDA:10,get-total-supply
FNDA:10,mint-user
FNDA:10,set-balance
FNDA:10,tag-nft-token-id
FNF:24
FNH:5
DA:0,40
DA:21,0
DA:24,10
DA:25,10
DA:26,30
DA:27,0
DA:28,40
DA:33,0
DA:34,0
DA:35,0
DA:36,0
DA:37,0
DA:38,0
DA:39,0
DA:40,0
DA:41,0
DA:44,10
DA:45,40
DA:46,40
DA:47,40
DA:48,80
DA:49,70
DA:50,50
DA:51,20
DA:56,40
DA:59,50
DA:62,0
DA:65,0
DA:68,50
DA:71,0
DA:74,0
DA:79,0
DA:80,0
DA:81,0
DA:82,0
DA:83,0
DA:84,0
DA:85,0
DA:86,0
DA:87,0
DA:88,0
DA:91,0
DA:94,0
DA:95,0
DA:96,0
DA:97,0
DA:100,0
DA:103,0
DA:106,0
DA:109,0
DA:114,0
DA:115,0
DA:116,0
DA:117,0
DA:118,0
DA:119,0
DA:120,0
DA:121,0
DA:124,0
DA:131,0
DA:132,0
DA:133,0
DA:134,0
DA:137,0
DA:138,0
DA:140,0
DA:141,0
DA:142,0
DA:143,0
DA:144,0
DA:145,0
DA:146,0
DA:147,0
DA:148,0
DA:149,0
DA:150,0
DA:151,0
DA:152,0
DA:153,0
DA:154,0
DA:155,0
DA:156,0
DA:157,0
DA:158,0
DA:159,0
DA:160,0
DA:161,0
DA:162,0
DA:163,0
DA:164,0
DA:165,0
DA:166,0
DA:167,0
DA:168,0
DA:169,0
DA:170,0
DA:171,0
DA:172,0
DA:173,0
DA:174,0
DA:175,0
DA:176,0
DA:177,0
DA:178,0
DA:179,0
DA:180,0
DA:181,0
DA:182,0
DA:183,0
DA:184,0
DA:191,0
DA:192,0
DA:193,0
DA:194,0
DA:197,0
DA:198,0
DA:200,0
DA:201,0
DA:202,0
DA:203,0
DA:204,0
DA:205,0
DA:206,0
DA:207,0
DA:208,0
DA:209,0
DA:211,0
DA:212,0
DA:213,0
DA:214,0
DA:215,0
DA:216,0
DA:217,0
DA:218,0
DA:219,0
DA:221,0
DA:222,0
DA:223,0
DA:224,0
DA:225,0
DA:226,0
DA:227,0
DA:228,0
DA:229,0
DA:231,0
DA:232,0
DA:233,0
DA:234,0
DA:235,0
DA:236,0
DA:237,0
DA:238,0
DA:239,0
DA:241,0
DA:242,0
DA:243,0
DA:244,0
DA:245,0
DA:246,0
DA:247,0
DA:248,0
DA:249,0
end_of_record
TN:Main-SC: Crafting with more resources Case
SF:/Users/deployer/Desktop/StacksDegens/smart-contracts/sfts-advanced/contracts/main-sc.clar
FN:15,transfer-wrapper
FN:26,get-balance-wrapper
FN:38,mint-wrapper
FN:48,mint-wrapper-user
FN:58,mint-wrapper-admin
FN:70,mint-rewards
FN:76,burn-wrapper
FN:87,is-owned-needed-wrapper
FN:113,get-level-up-resources
FN:103,level-up
FN:117,set-level-up-resources
FN:168,get-crafting-resources
FN:158,craft-item
FN:172,set-crafting-resources
FN:215,get-acquisition-resources
FN:205,buy-item
FN:219,set-acquisition-resources
FN:269,get-fight-needed-resources
FN:259,start-fight
FN:273,set-fight-needed-resources
FN:301,get-fight-rewards
FN:293,reward-fighting
FN:305,set-fight-rewards
FN:334,get-sleeping-rewards
FN:326,reward-sleeping
FN:338,set-sleeping-rewards
FN:360,get-mining-rewards
FN:352,reward-mining
FN:364,set-mining-rewards
FN:395,get-harvesting-rewards
FN:392,mint-harvesting-rewards
FN:384,reward-harvesting
FN:399,set-harvesting-rewards
FNDA:10,burn-wrapper
FNDA:10,craft-item
FNDA:10,get-crafting-resources
FNDA:10,is-owned-needed-wrapper
FNDA:4,mint-wrapper
[...]
DA:308,0
DA:309,0
DA:311,0
DA:312,0
DA:313,0
DA:314,0
DA:315,0
DA:316,0
DA:317,0
DA:318,0
DA:319,0
DA:320,0
DA:328,0
DA:329,0
DA:330,0
DA:331,0
DA:332,0
DA:333,0
DA:336,0
DA:337,0
DA:340,0
DA:341,0
DA:342,0
DA:344,0
DA:345,0
DA:346,0
DA:354,0
DA:355,0
DA:356,0
DA:357,0
DA:358,0
DA:359,0
DA:362,0
DA:363,0
DA:366,0
DA:367,0
DA:368,0
DA:370,0
DA:371,0
DA:372,0
DA:373,0
DA:374,0
DA:375,0
DA:376,0
DA:377,0
DA:378,0
DA:379,0
DA:386,0
DA:387,0
DA:388,0
DA:389,0
DA:390,0
DA:391,0
DA:394,0
DA:397,0
DA:398,0
DA:401,0
DA:402,0
DA:403,0
DA:405,0
DA:406,0
DA:407,0
DA:408,0
DA:409,0
DA:410,0
DA:411,0
DA:412,0
DA:413,0
end_of_record
TN:Main-SC: Transfer resources Case
SF:/Users/deployer/Desktop/StacksDegens/smart-contracts/sfts-advanced/contracts/resources.clar
FN:56,get-balance-uint
FN:18,is-owned-needed
FN:21,tag-nft-token-id
FN:53,set-balance
FN:65,get-total-supply
FN:30,mint
FN:41,mint-user
FN:59,get-balance
FN:62,get-overall-balance
FN:68,get-overall-supply
FN:71,get-decimals
FN:76,transfer
FN:102,transfer-many-iter
FN:89,transfer-many
FN:92,transfer-memo
FN:105,transfer-many-memo-iter
FN:98,transfer-many-memo
FN:110,burn
FN:120,burn-wrapper
FN:127,set-token-uri
FN:133,get-token-uri
FN:146,set-token-name
FN:152,get-token-name
FNDA:12,get-balance-uint
FNDA:4,get-total-supply
FNDA:4,mint
FNDA:12,set-balance
FNDA:12,tag-nft-token-id
FNDA:8,transfer
FNF:23
FNH:6
DA:0,72
DA:20,0
DA:23,20
DA:24,20
DA:25,60
DA:26,40
DA:27,80
DA:32,4
DA:33,16
DA:34,16
DA:35,16
DA:36,16
DA:37,32
DA:38,28
DA:39,20
DA:40,8
DA:43,0
DA:44,0
DA:45,0
DA:46,0
DA:47,0
DA:48,0
DA:49,0
DA:50,0
DA:55,80
DA:58,100
DA:61,0
DA:64,0
DA:67,20
DA:70,0
DA:73,0
DA:79,32
DA:80,40
DA:81,32
DA:82,40
DA:83,32
DA:84,32
DA:85,48
DA:86,64
DA:87,48
DA:88,16
DA:91,0
DA:94,0
DA:95,0
DA:96,0
DA:97,0
DA:101,0
DA:104,0
DA:107,0
DA:112,0
DA:113,0
DA:114,0
DA:115,0
DA:116,0
DA:117,0
DA:118,0
DA:119,0
DA:122,0
DA:129,0
DA:130,0
DA:131,0
DA:132,0
DA:135,0
DA:136,0
DA:138,0
DA:139,0
DA:140,0
DA:141,0
DA:148,0
DA:149,0
DA:150,0
DA:151,0
DA:154,0
DA:155,0
DA:157,0
DA:158,0
DA:159,0
DA:160,0
end_of_record
TN:Main-SC: Transfer resources Case
SF:/Users/deployer/Desktop/StacksDegens/smart-contracts/sfts-advanced/contracts/sip013-semi-fungible-token-trait.clar
FNF:0
FNH:0
end_of_record
TN:Main-SC: Transfer resources Case
SF:/Users/deployer/Desktop/StacksDegens/smart-contracts/sfts-advanced/contracts/sip013-transfer-many-trait.clar
FNF:0
FNH:0
end_of_record
TN:__analysis__
SF:/Users/deployer/Desktop/StacksDegens/smart-contracts/sfts-advanced/contracts/collection-1.clar
FN:58,get-balance-uint
FN:18,is-owned-needed
FN:21,tag-nft-token-id
FN:54,set-balance
FN:67,get-total-supply
FN:30,mint
FN:42,mint-user
FN:61,get-balance
FN:64,get-overall-balance
FN:70,get-overall-supply
FN:73,get-decimals
FN:78,transfer
FN:103,transfer-many-iter
FN:90,transfer-many
FN:93,transfer-memo
FN:106,transfer-many-memo-iter
FN:99,transfer-many-memo
FN:111,burn
FN:121,burn-wrapper
FN:128,set-token-uri
FN:134,get-token-uri
FN:151,set-token-name
FN:157,get-token-name
FNF:23
FNH:0
DA:0,1120
DA:20,0
DA:23,0
DA:24,0
DA:25,0
DA:26,0
DA:27,0
DA:33,0
DA:34,0
DA:35,0
DA:36,0
DA:37,0
DA:38,0
DA:39,0
DA:40,0
DA:41,0
DA:44,0
DA:45,0
DA:46,0
DA:47,0
DA:48,0
DA:49,0
DA:50,0
DA:51,0
DA:57,0
DA:60,0
DA:63,0
DA:66,0
DA:69,0
DA:72,0
DA:75,0
DA:80,0
DA:81,0
DA:82,0
DA:83,0
DA:84,0
DA:85,0
DA:86,0
DA:87,0
DA:88,0
DA:89,0
DA:92,0
DA:95,0
DA:96,0
DA:97,0
DA:98,0
DA:102,0
DA:105,0
DA:108,0
DA:113,0
DA:114,0
DA:115,0
DA:116,0
DA:117,0
DA:118,0
DA:119,0
DA:120,0
DA:123,0
DA:130,0
DA:131,0
DA:132,0
DA:133,0
DA:136,0
DA:137,0
DA:139,84
DA:140,84
DA:141,84
DA:142,84
DA:143,84
DA:144,84
DA:145,84
DA:146,84
DA:153,0
DA:154,0
DA:155,0
DA:156,0
DA:159,0
DA:160,0
DA:162,196
DA:163,196
DA:164,196
DA:165,196
DA:166,196
DA:167,196
DA:168,196
DA:169,196
end_of_record
TN:__analysis__
SF:/Users/deployer/Desktop/StacksDegens/smart-contracts/sfts-advanced/contracts/items.clar
FN:57,get-balance-uint
FN:19,is-owned-needed
FN:22,tag-nft-token-id
FN:54,set-balance
FN:66,get-total-supply
FN:31,mint
FN:42,mint-user
FN:60,get-balance
FN:63,get-overall-balance
FN:69,get-overall-supply
FN:72,get-decimals
FN:77,transfer
FN:104,transfer-many-iter
FN:89,transfer-many
FN:92,transfer-memo
FN:107,transfer-many-memo-iter
FN:98,transfer-many-memo
FN:101,transfer-wrapper
FN:112,burn
FN:122,burn-wrapper
FN:129,set-token-uri
FN:135,get-token-uri
FN:189,set-token-name
FN:195,get-token-name
FNF:24
FNH:0
DA:0,6300
DA:21,0
DA:24,0
DA:25,0
DA:26,0
DA:27,0
DA:28,0
DA:33,0
DA:34,0
DA:35,0
DA:36,0
DA:37,0
DA:38,0
DA:39,0
DA:40,0
DA:41,0
DA:44,0
DA:45,0
DA:46,0
DA:47,0
DA:48,0
DA:49,0
DA:50,0
DA:51,0
DA:56,0
DA:59,0
DA:62,0
DA:65,0
DA:68,0
DA:71,0
DA:74,0
DA:79,0
DA:80,0
DA:81,0
DA:82,0
DA:83,0
DA:84,0
DA:85,0
DA:86,0
DA:87,0
DA:88,0
DA:91,0
DA:94,0
DA:95,0
DA:96,0
DA:97,0
DA:100,0
DA:103,0
DA:106,0
DA:109,0
DA:114,0
DA:115,0
DA:116,0
DA:117,0
DA:118,0
DA:119,0
DA:120,0
DA:121,0
DA:124,0
DA:131,0
DA:132,0
DA:133,0
DA:134,0
DA:137,0
DA:138,0
DA:140,84
DA:141,84
DA:142,84
DA:143,84
DA:144,84
DA:145,84
DA:146,84
DA:147,84
DA:148,84
DA:149,84
DA:150,84
DA:151,84
DA:152,84
DA:153,84
DA:154,84
DA:155,84
DA:156,84
DA:157,84
DA:158,84
DA:159,84
DA:160,84
DA:161,84
DA:162,84
DA:163,84
DA:164,84
DA:165,84
DA:166,84
DA:167,84
DA:168,84
DA:169,84
DA:170,84
DA:171,84
DA:172,84
DA:173,84
DA:174,84
DA:175,84
DA:176,84
DA:177,84
DA:178,84
DA:179,84
DA:180,84
DA:181,84
DA:182,84
DA:183,84
DA:184,84
DA:191,0
DA:192,0
DA:193,0
DA:194,0
DA:197,0
DA:198,0
DA:200,28
DA:201,168
DA:202,196
DA:203,196
DA:204,196
DA:205,196
DA:206,196
DA:207,196
DA:208,196
DA:209,196
DA:211,196
DA:212,196
DA:213,196
DA:214,196
DA:215,196
DA:216,196
DA:217,196
DA:218,196
DA:219,196
DA:221,196
DA:222,196
DA:223,196
DA:224,196
DA:225,196
DA:226,196
DA:227,196
DA:228,196
DA:229,196
DA:231,196
DA:232,196
DA:233,196
DA:234,196
DA:235,196
DA:236,196
DA:237,196
DA:238,196
DA:239,196
DA:241,196
DA:242,196
DA:243,196
DA:244,196
DA:245,196
DA:246,196
DA:247,196
DA:248,196
DA:249,196
end_of_record
TN:__analysis__
SF:/Users/deployer/Desktop/StacksDegens/smart-contracts/sfts-advanced/contracts/main-sc.clar
FN:15,transfer-wrapper
FN:26,get-balance-wrapper
FN:38,mint-wrapper
FN:48,mint-wrapper-user
FN:58,mint-wrapper-admin
FN:70,mint-rewards
FN:76,burn-wrapper
FN:87,is-owned-needed-wrapper
FN:113,get-level-up-resources
FN:103,level-up
FN:117,set-level-up-resources
FN:168,get-crafting-resources
FN:158,craft-item
FN:172,set-crafting-resources
FN:215,get-acquisition-resources
FN:205,buy-item
FN:219,set-acquisition-resources
FN:269,get-fight-needed-resources
FN:259,start-fight
FN:273,set-fight-needed-resources
FN:301,get-fight-rewards
FN:293,reward-fighting
FN:305,set-fight-rewards
FN:334,get-sleeping-rewards
FN:326,reward-sleeping
FN:338,set-sleeping-rewards
FN:360,get-mining-rewards
FN:352,reward-mining
FN:364,set-mining-rewards
FN:395,get-harvesting-rewards
FN:392,mint-harvesting-rewards
FN:384,reward-harvesting
FN:399,set-harvesting-rewards
FNF:33
FNH:0
DA:0,9912
DA:17,0
DA:18,0
DA:19,0
DA:20,0
DA:21,0
DA:22,0
DA:23,0
DA:29,0
DA:30,0
DA:31,0
DA:32,0
DA:33,0
DA:34,0
DA:35,0
DA:41,0
DA:42,0
DA:43,0
DA:44,0
DA:45,0
DA:46,0
DA:47,0
DA:51,0
DA:52,0
DA:53,0
DA:54,0
DA:55,0
DA:56,0
DA:57,0
DA:60,0
DA:61,0
DA:62,0
DA:63,0
DA:64,0
DA:65,0
DA:66,0
DA:67,0
DA:68,0
DA:69,0
DA:73,0
DA:78,0
DA:79,0
DA:80,0
DA:81,0
DA:82,0
DA:83,0
DA:84,0
DA:90,0
DA:91,0
DA:92,0
DA:93,0
DA:94,0
DA:95,0
DA:96,0
DA:97,0
DA:105,0
DA:106,0
DA:107,0
DA:108,0
DA:109,0
DA:110,0
DA:111,0
DA:112,0
DA:115,0
DA:116,0
DA:119,0
DA:120,0
DA:121,0
DA:123,28
DA:124,224
DA:125,252
DA:126,252
DA:127,252
DA:128,308
DA:129,308
DA:130,252
DA:131,252
DA:132,252
DA:133,252
DA:134,308
DA:135,308
DA:136,252
DA:137,252
DA:138,252
DA:139,252
DA:140,308
DA:141,308
DA:142,252
DA:143,252
DA:144,252
DA:145,252
DA:146,308
DA:147,308
DA:148,252
DA:149,252
DA:150,252
DA:151,252
DA:152,308
DA:153,308
DA:160,0
DA:161,0
DA:162,0
DA:163,0
DA:164,0
DA:165,0
DA:166,0
DA:167,0
DA:170,0
DA:171,0
DA:174,0
DA:175,0
DA:176,0
DA:178,28
DA:179,112
DA:180,140
DA:181,252
DA:182,140
DA:183,140
DA:184,252
DA:185,140
DA:186,140
DA:187,252
DA:188,140
DA:189,140
DA:190,252
DA:191,140
DA:192,140
DA:193,252
DA:195,196
DA:196,196
DA:197,196
DA:198,196
DA:199,196
DA:200,196
DA:207,0
DA:208,0
DA:209,0
DA:210,0
DA:211,0
DA:212,0
DA:213,0
DA:214,0
DA:217,0
DA:218,0
DA:221,0
DA:222,0
DA:223,0
DA:225,28
DA:226,112
DA:227,140
DA:228,140
DA:229,196
DA:230,196
DA:231,252
DA:232,140
DA:233,196
DA:234,196
DA:235,252
DA:236,196
DA:237,196
DA:238,252
DA:239,196
DA:240,196
DA:241,252
DA:242,196
DA:243,196
DA:244,196
DA:246,140
DA:247,140
DA:248,140
DA:249,140
DA:250,140
DA:251,140
DA:252,140
DA:253,140
DA:261,0
DA:262,0
DA:263,0
DA:264,0
DA:265,0
DA:266,0
DA:267,0
DA:268,0
DA:271,0
DA:272,0
DA:275,0
DA:276,0
DA:277,0
DA:279,140
DA:280,140
DA:281,140
DA:282,140
DA:283,140
DA:284,140
DA:285,140
DA:286,140
DA:287,140
DA:288,140
DA:295,0
DA:296,0
DA:297,0
DA:298,0
DA:299,0
DA:300,0
DA:303,0
DA:304,0
DA:307,0
DA:308,0
DA:309,0
DA:311,140
DA:312,140
DA:313,140
DA:314,140
DA:315,196
DA:316,140
DA:317,140
DA:318,140
DA:319,140
DA:320,196
DA:328,0
DA:329,0
DA:330,0
DA:331,0
DA:332,0
DA:333,0
DA:336,0
DA:337,0
DA:340,0
DA:341,0
DA:342,0
DA:344,140
DA:345,140
DA:346,140
DA:354,0
DA:355,0
DA:356,0
DA:357,0
DA:358,0
DA:359,0
DA:362,0
DA:363,0
DA:366,0
DA:367,0
DA:368,0
DA:370,28
DA:371,140
DA:372,168
DA:373,224
DA:374,168
DA:375,224
DA:376,280
DA:377,224
DA:378,280
DA:379,280
DA:386,0
DA:387,0
DA:388,0
DA:389,0
DA:390,0
DA:391,0
DA:394,0
DA:397,0
DA:398,0
DA:401,0
DA:402,0
DA:403,0
DA:405,168
DA:406,168
DA:407,168
DA:408,168
DA:409,168
DA:410,168
DA:411,168
DA:412,168
DA:413,168
end_of_record
TN:__analysis__
SF:/Users/deployer/Desktop/StacksDegens/smart-contracts/sfts-advanced/contracts/resources.clar
FN:56,get-balance-uint
FN:18,is-owned-needed
FN:21,tag-nft-token-id
FN:53,set-balance
FN:65,get-total-supply
FN:30,mint
FN:41,mint-user
FN:59,get-balance
FN:62,get-overall-balance
FN:68,get-overall-supply
FN:71,get-decimals
FN:76,transfer
FN:102,transfer-many-iter
FN:89,transfer-many
FN:92,transfer-memo
FN:105,transfer-many-memo-iter
FN:98,transfer-many-memo
FN:110,burn
FN:120,burn-wrapper
FN:127,set-token-uri
FN:133,get-token-uri
FN:146,set-token-name
FN:152,get-token-name
FNF:23
FNH:0
DA:0,560
DA:20,0
DA:23,0
DA:24,0
DA:25,0
DA:26,0
DA:27,0
DA:32,0
DA:33,0
DA:34,0
DA:35,0
DA:36,0
DA:37,0
DA:38,0
DA:39,0
DA:40,0
DA:43,0
DA:44,0
DA:45,0
DA:46,0
DA:47,0
DA:48,0
DA:49,0
DA:50,0
DA:55,0
DA:58,0
DA:61,0
DA:64,0
DA:67,0
DA:70,0
DA:73,0
DA:79,0
DA:80,0
DA:81,0
DA:82,0
DA:83,0
DA:84,0
DA:85,0
DA:86,0
DA:87,0
DA:88,0
DA:91,0
DA:94,0
DA:95,0
DA:96,0
DA:97,0
DA:101,0
DA:104,0
DA:107,0
DA:112,0
DA:113,0
DA:114,0
DA:115,0
DA:116,0
DA:117,0
DA:118,0
DA:119,0
DA:122,0
DA:129,0
DA:130,0
DA:131,0
DA:132,0
DA:135,0
DA:136,0
DA:138,84
DA:139,84
DA:140,84
DA:141,84
DA:148,0
DA:149,0
DA:150,0
DA:151,0
DA:154,0
DA:155,0
DA:157,196
DA:158,196
DA:159,196
DA:160,196
end_of_record
TN:__analysis__
SF:/Users/deployer/Desktop/StacksDegens/smart-contracts/sfts-advanced/contracts/sip013-semi-fungible-token-trait.clar
FNF:0
FNH:0
end_of_record
TN:__analysis__
SF:/Users/deployer/Desktop/StacksDegens/smart-contracts/sfts-advanced/contracts/sip013-transfer-many-trait.clar
FNF:0
FNH:0
end_of_record
TN:readonly-calls
SF:/Users/deployer/Desktop/StacksDegens/smart-contracts/sfts-advanced/contracts/collection-1.clar
FN:58,get-balance-uint
FN:18,is-owned-needed
FN:21,tag-nft-token-id
FN:54,set-balance
FN:67,get-total-supply
FN:30,mint
FN:42,mint-user
FN:61,get-balance
FN:64,get-overall-balance
FN:70,get-overall-supply
FN:73,get-decimals
FN:78,transfer
FN:103,transfer-many-iter
FN:90,transfer-many
FN:93,transfer-memo
FN:106,transfer-many-memo-iter
FN:99,transfer-many-memo
FN:111,burn
FN:121,burn-wrapper
FN:128,set-token-uri
FN:134,get-token-uri
FN:151,set-token-name
FN:157,get-token-name
FNDA:10,get-balance
FNDA:10,get-balance-uint
FNF:23
FNH:2
DA:0,10
DA:20,0
DA:23,0
DA:24,0
DA:25,0
DA:26,0
DA:27,0
DA:33,0
DA:34,0
DA:35,0
DA:36,0
DA:37,0
DA:38,0
DA:39,0
DA:40,0
DA:41,0
DA:44,0
DA:45,0
DA:46,0
DA:47,0
DA:48,0
DA:49,0
DA:50,0
DA:51,0
DA:57,0
DA:60,50
DA:63,40
DA:66,0
DA:69,0
DA:72,0
DA:75,0
DA:80,0
DA:81,0
DA:82,0
DA:83,0
DA:84,0
DA:85,0
DA:86,0
DA:87,0
DA:88,0
DA:89,0
DA:92,0
DA:95,0
DA:96,0
DA:97,0
DA:98,0
DA:102,0
DA:105,0
DA:108,0
DA:113,0
DA:114,0
DA:115,0
DA:116,0
DA:117,0
DA:118,0
DA:119,0
DA:120,0
DA:123,0
DA:130,0
DA:131,0
DA:132,0
DA:133,0
DA:136,0
DA:137,0
DA:139,0
DA:140,0
DA:141,0
DA:142,0
DA:143,0
DA:144,0
DA:145,0
DA:146,0
DA:153,0
DA:154,0
DA:155,0
DA:156,0
DA:159,0
DA:160,0
DA:162,0
DA:163,0
DA:164,0
DA:165,0
DA:166,0
DA:167,0
DA:168,0
DA:169,0
end_of_record
TN:readonly-calls
SF:/Users/deployer/Desktop/StacksDegens/smart-contracts/sfts-advanced/contracts/items.clar
FN:57,get-balance-uint
FN:19,is-owned-needed
FN:22,tag-nft-token-id
FN:54,set-balance
FN:66,get-total-supply
FN:31,mint
FN:42,mint-user
FN:60,get-balance
FN:63,get-overall-balance
FN:69,get-overall-supply
FN:72,get-decimals
FN:77,transfer
FN:104,transfer-many-iter
FN:89,transfer-many
FN:92,transfer-memo
FN:107,transfer-many-memo-iter
FN:98,transfer-many-memo
FN:101,transfer-wrapper
FN:112,burn
FN:122,burn-wrapper
FN:129,set-token-uri
FN:135,get-token-uri
FN:189,set-token-name
FN:195,get-token-name
FNDA:161,get-balance
FNDA:161,get-balance-uint
FNDA:1,get-decimals
FNDA:1,get-overall-balance
FNDA:1,get-overall-supply
FNF:24
FNH:5
DA:0,161
DA:21,0
DA:24,0
DA:25,0
DA:26,0
DA:27,0
DA:28,0
DA:33,0
DA:34,0
DA:35,0
DA:36,0
DA:37,0
DA:38,0
DA:39,0
DA:40,0
DA:41,0
DA:44,0
DA:45,0
DA:46,0
DA:47,0
DA:48,0
DA:49,0
DA:50,0
DA:51,0
DA:56,0
DA:59,805
DA:62,644
DA:65,3
DA:68,0
DA:71,2
DA:74,2
DA:79,0
DA:80,0
DA:81,0
DA:82,0
DA:83,0
DA:84,0
DA:85,0
DA:86,0
DA:87,0
DA:88,0
DA:91,0
DA:94,0
DA:95,0
DA:96,0
DA:97,0
DA:100,0
DA:103,0
DA:106,0
DA:109,0
DA:114,0
DA:115,0
DA:116,0
DA:117,0
DA:118,0
DA:119,0
DA:120,0
DA:121,0
DA:124,0
DA:131,0
DA:132,0
DA:133,0
DA:134,0
DA:137,0
DA:138,0
DA:140,0
DA:141,0
DA:142,0
DA:143,0
DA:144,0
DA:145,0
DA:146,0
DA:147,0
DA:148,0
DA:149,0
DA:150,0
DA:151,0
DA:152,0
DA:153,0
DA:154,0
DA:155,0
DA:156,0
DA:157,0
DA:158,0
DA:159,0
DA:160,0
DA:161,0
DA:162,0
DA:163,0
DA:164,0
DA:165,0
DA:166,0
DA:167,0
DA:168,0
DA:169,0
DA:170,0
DA:171,0
DA:172,0
DA:173,0
DA:174,0
DA:175,0
DA:176,0
DA:177,0
DA:178,0
DA:179,0
DA:180,0
DA:181,0
DA:182,0
DA:183,0
DA:184,0
DA:191,0
DA:192,0
DA:193,0
DA:194,0
DA:197,0
DA:198,0
DA:200,0
DA:201,0
DA:202,0
DA:203,0
DA:204,0
DA:205,0
DA:206,0
DA:207,0
DA:208,0
DA:209,0
DA:211,0
DA:212,0
DA:213,0
DA:214,0
DA:215,0
DA:216,0
DA:217,0
DA:218,0
DA:219,0
DA:221,0
DA:222,0
DA:223,0
DA:224,0
DA:225,0
DA:226,0
DA:227,0
DA:228,0
DA:229,0
DA:231,0
DA:232,0
DA:233,0
DA:234,0
DA:235,0
DA:236,0
DA:237,0
DA:238,0
DA:239,0
DA:241,0
DA:242,0
DA:243,0
DA:244,0
DA:245,0
DA:246,0
DA:247,0
DA:248,0
DA:249,0
end_of_record
TN:readonly-calls
SF:/Users/deployer/Desktop/StacksDegens/smart-contracts/sfts-advanced/contracts/main-sc.clar
FN:15,transfer-wrapper
FN:26,get-balance-wrapper
FN:38,mint-wrapper
FN:48,mint-wrapper-user
FN:58,mint-wrapper-admin
FN:70,mint-rewards
FN:76,burn-wrapper
FN:87,is-owned-needed-wrapper
FN:113,get-level-up-resources
FN:103,level-up
FN:117,set-level-up-resources
FN:168,get-crafting-resources
FN:158,craft-item
FN:172,set-crafting-resources
FN:215,get-acquisition-resources
FN:205,buy-item
FN:219,set-acquisition-resources
FN:269,get-fight-needed-resources
FN:259,start-fight
FN:273,set-fight-needed-resources
FN:301,get-fight-rewards
FN:293,reward-fighting
FN:305,set-fight-rewards
FN:334,get-sleeping-rewards
FN:326,reward-sleeping
FN:338,set-sleeping-rewards
FN:360,get-mining-rewards
FN:352,reward-mining
FN:364,set-mining-rewards
FN:395,get-harvesting-rewards
FN:392,mint-harvesting-rewards
FN:384,reward-harvesting
FN:399,set-harvesting-rewards
FNDA:45,get-acquisition-resources
FNDA:208,get-balance-wrapper
FNDA:45,get-crafting-resources
FNDA:45,get-level-up-resources
FNF:33
FNH:4
DA:0,135
DA:17,0
DA:18,0
DA:19,0
DA:20,0
DA:21,0
DA:22,0
DA:23,0
DA:29,832
DA:30,162
DA:31,616
DA:32,429
DA:33,44
DA:34,30
DA:35,1
DA:41,0
DA:42,0
DA:43,0
DA:44,0
DA:45,0
DA:46,0
DA:47,0
DA:51,0
DA:52,0
DA:53,0
DA:54,0
DA:55,0
DA:56,0
DA:57,0
DA:60,0
DA:61,0
DA:62,0
DA:63,0
DA:64,0
DA:65,0
DA:66,0
DA:67,0
DA:68,0
DA:69,0
DA:73,0
DA:78,0
DA:79,0
DA:80,0
DA:81,0
DA:82,0
DA:83,0
DA:84,0
DA:90,0
DA:91,0
DA:92,0
DA:93,0
DA:94,0
DA:95,0
DA:96,0
DA:97,0
DA:105,0
DA:106,0
DA:107,0
DA:108,0
DA:109,0
DA:110,0
DA:111,0
DA:112,0
DA:115,135
DA:116,90
DA:119,0
DA:120,0
DA:121,0
DA:123,0
DA:124,0
DA:125,0
DA:126,0
DA:127,0
DA:128,0
DA:129,0
DA:130,0
DA:131,0
DA:132,0
DA:133,0
DA:134,0
DA:135,0
DA:136,0
DA:137,0
DA:138,0
DA:139,0
DA:140,0
DA:141,0
DA:142,0
DA:143,0
DA:144,0
DA:145,0
DA:146,0
DA:147,0
DA:148,0
DA:149,0
DA:150,0
DA:151,0
DA:152,0
DA:153,0
DA:160,0
DA:161,0
DA:162,0
DA:163,0
DA:164,0
DA:165,0
DA:166,0
DA:167,0
DA:170,135
DA:171,90
DA:174,0
DA:175,0
DA:176,0
DA:178,0
DA:179,0
DA:180,0
DA:181,0
DA:182,0
DA:183,0
DA:184,0
DA:185,0
DA:186,0
DA:187,0
DA:188,0
DA:189,0
DA:190,0
DA:191,0
DA:192,0
DA:193,0
DA:195,0
DA:196,0
DA:197,0
DA:198,0
DA:199,0
DA:200,0
DA:207,0
DA:208,0
DA:209,0
DA:210,0
DA:211,0
DA:212,0
DA:213,0
DA:214,0
DA:217,135
DA:218,90
DA:221,0
DA:222,0
DA:223,0
DA:225,0
DA:226,0
DA:227,0
DA:228,0
DA:229,0
DA:230,0
DA:231,0
DA:232,0
DA:233,0
DA:234,0
DA:235,0
DA:236,0
DA:237,0
DA:238,0
DA:239,0
DA:240,0
DA:241,0
DA:242,0
DA:243,0
DA:244,0
DA:246,0
DA:247,0
DA:248,0
DA:249,0
DA:250,0
DA:251,0
DA:252,0
DA:253,0
DA:261,0
DA:262,0
DA:263,0
DA:264,0
DA:265,0
DA:266,0
DA:267,0
DA:268,0
DA:271,0
DA:272,0
DA:275,0
DA:276,0
DA:277,0
DA:279,0
DA:280,0
DA:281,0
DA:282,0
DA:283,0
DA:284,0
DA:285,0
DA:286,0
DA:287,0
DA:288,0
DA:295,0
DA:296,0
DA:297,0
DA:298,0
DA:299,0
DA:300,0
DA:303,0
DA:304,0
DA:307,0
DA:308,0
DA:309,0
DA:311,0
DA:312,0
DA:313,0
DA:314,0
DA:315,0
DA:316,0
DA:317,0
DA:318,0
DA:319,0
DA:320,0
DA:328,0
DA:329,0
DA:330,0
DA:331,0
DA:332,0
DA:333,0
DA:336,0
DA:337,0
DA:340,0
DA:341,0
DA:342,0
DA:344,0
DA:345,0
DA:346,0
DA:354,0
DA:355,0
DA:356,0
DA:357,0
DA:358,0
DA:359,0
DA:362,0
DA:363,0
DA:366,0
DA:367,0
DA:368,0
DA:370,0
DA:371,0
DA:372,0
DA:373,0
DA:374,0
DA:375,0
DA:376,0
DA:377,0
DA:378,0
DA:379,0
DA:386,0
DA:387,0
DA:388,0
DA:389,0
DA:390,0
DA:391,0
DA:394,0
DA:397,0
DA:398,0
DA:401,0
DA:402,0
DA:403,0
DA:405,0
DA:406,0
DA:407,0
DA:408,0
DA:409,0
DA:410,0
DA:411,0
DA:412,0
DA:413,0
end_of_record
TN:readonly-calls
SF:/Users/deployer/Desktop/StacksDegens/smart-contracts/sfts-advanced/contracts/resources.clar
FN:56,get-balance-uint
FN:18,is-owned-needed
FN:21,tag-nft-token-id
FN:53,set-balance
FN:65,get-total-supply
FN:30,mint
FN:41,mint-user
FN:59,get-balance
FN:62,get-overall-balance
FN:68,get-overall-supply
FN:71,get-decimals
FN:76,transfer
FN:102,transfer-many-iter
FN:89,transfer-many
FN:92,transfer-memo
FN:105,transfer-many-memo-iter
FN:98,transfer-many-memo
FN:110,burn
FN:120,burn-wrapper
FN:127,set-token-uri
FN:133,get-token-uri
FN:146,set-token-name
FN:152,get-token-name
FNDA:54,get-balance
FNDA:54,get-balance-uint
FNF:23
FNH:2
DA:0,54
DA:20,0
DA:23,0
DA:24,0
DA:25,0
DA:26,0
DA:27,0
DA:32,0
DA:33,0
DA:34,0
DA:35,0
DA:36,0
DA:37,0
DA:38,0
DA:39,0
DA:40,0
DA:43,0
DA:44,0
DA:45,0
DA:46,0
DA:47,0
DA:48,0
DA:49,0
DA:50,0
DA:55,0
DA:58,270
DA:61,216
DA:64,0
DA:67,0
DA:70,0
DA:73,0
DA:79,0
DA:80,0
DA:81,0
DA:82,0
DA:83,0
DA:84,0
DA:85,0
DA:86,0
DA:87,0
DA:88,0
DA:91,0
DA:94,0
DA:95,0
DA:96,0
DA:97,0
DA:101,0
DA:104,0
DA:107,0
DA:112,0
DA:113,0
DA:114,0
DA:115,0
DA:116,0
DA:117,0
DA:118,0
DA:119,0
DA:122,0
DA:129,0
DA:130,0
DA:131,0
DA:132,0
DA:135,0
DA:136,0
DA:138,0
DA:139,0
DA:140,0
DA:141,0
DA:148,0
DA:149,0
DA:150,0
DA:151,0
DA:154,0
DA:155,0
DA:157,0
DA:158,0
DA:159,0
DA:160,0
end_of_record
TN:readonly-calls
SF:/Users/deployer/Desktop/StacksDegens/smart-contracts/sfts-advanced/contracts/sip013-semi-fungible-token-trait.clar
FNF:0
FNH:0
end_of_record
TN:readonly-calls
SF:/Users/deployer/Desktop/StacksDegens/smart-contracts/sfts-advanced/contracts/sip013-transfer-many-trait.clar
FNF:0
FNH:0
end_of_record
